Release 14.2 - platgen Xilinx EDK 14.2 Build EDK_P.28xd
 (nt64)
Copyright (c) 1995-2012 Xilinx, Inc.  All rights reserved.

Command Line: platgen -p xc6slx16csg324-3 -lang vhdl -intstyle default -lp
C:/Xilinx/BSP/Nexys3_AXI_BSB_Support/lib/ -msg __xps/ise/xmsgprops.lst
system.mhs 

Parse C:/temp/EDA385/env/base_system/Astroid_EDK/system.mhs ...

Read MPD definitions ...

Overriding IP level properties ...
INFO:EDK:4130 - IPNAME: microblaze, INSTANCE:microblaze_0 - tcl is overriding
   PARAMETER C_ENDIANNESS value to 1 -
   C:\Xilinx\14.2\ISE_DS\EDK\hw\XilinxProcessorIPLib\pcores\microblaze_v8_40_a\d
   ata\microblaze_v2_1_0.mpd line 196 
INFO:EDK:4130 - IPNAME: microblaze, INSTANCE:microblaze_0 - tcl is overriding
   PARAMETER C_ICACHE_USE_FSL value to 0 -
   C:\Xilinx\14.2\ISE_DS\EDK\hw\XilinxProcessorIPLib\pcores\microblaze_v8_40_a\d
   ata\microblaze_v2_1_0.mpd line 336 
INFO:EDK:4130 - IPNAME: microblaze, INSTANCE:microblaze_0 - tcl is overriding
   PARAMETER C_DCACHE_USE_FSL value to 0 -
   C:\Xilinx\14.2\ISE_DS\EDK\hw\XilinxProcessorIPLib\pcores\microblaze_v8_40_a\d
   ata\microblaze_v2_1_0.mpd line 366 
INFO:EDK:4130 - IPNAME: axi_interconnect, INSTANCE:axi4lite_0 - tcl is
   overriding PARAMETER C_BASEFAMILY value to spartan6 -
   C:\Xilinx\14.2\ISE_DS\EDK\hw\XilinxProcessorIPLib\pcores\axi_interconnect_v1_
   06_a\data\axi_interconnect_v2_1_0.mpd line 80 

Computing clock values...
INFO:EDK:740 - Cannot determine the input clock associated with port :
   microblaze_0_i_bram_ctrl:BRAM_Clk_A. Clock DRCs will not be performed on this
   core and cores connected to it. 
INFO:EDK:740 - Cannot determine the input clock associated with port :
   microblaze_0_d_bram_ctrl:BRAM_Clk_A. Clock DRCs will not be performed on this
   core and cores connected to it. 
INFO:EDK:740 - Cannot determine the input clock associated with port :
   bram_cntlr_1:BRAM_Clk_A. Clock DRCs will not be performed on this core and
   cores connected to it. 
INFO:EDK:740 - Cannot determine the input clock associated with port :
   bram_cntlr_0:BRAM_Clk_A. Clock DRCs will not be performed on this core and
   cores connected to it. 
INFO:EDK:3716 - IPNAME: axi_lite_slave, INSTANCE: axi_lite_slave_0 - Tools are
   updating the value of the parameter C_INTERCONNECT_S_AXI_IS_ACLK_ASYNC to
   '1'. 

Performing IP level DRCs on properties...

Running DRC Tcl procedures for OPTION IPLEVEL_DRC_PROC...
Address Map for Processor microblaze_0
  (0000000000-0x00007fff) microblaze_0_d_bram_ctrl	microblaze_0_dlmb
  (0000000000-0x00007fff) microblaze_0_i_bram_ctrl	microblaze_0_ilmb
  (0x00008000-0x0000bfff) bram_cntlr_0	microblaze_0_dlmb
  (0x00008000-0x0000bfff) bram_cntlr_1	microblaze_0_ilmb
  (0x40000000-0x4000ffff) Push_Buttons_4Bits	axi4lite_0
  (0x40040000-0x4004ffff) DIP_Switches_8Bits	axi4lite_0
  (0x40080000-0x4008ffff) axi_gpio_0	axi4lite_0
  (0x40600000-0x4060ffff) RS232_Uart_1	axi4lite_0
  (0x41400000-0x4140ffff) debug_module_0	axi4lite_0
  (0x41c00000-0x41c0ffff) axi_timer_0	axi4lite_0
  (0x7f800000-0x7f80ffff) axi_lite_slave_0	axi4lite_0
INFO:EDK:4130 - IPNAME: lmb_v10, INSTANCE:microblaze_0_ilmb - tool is overriding
   PARAMETER C_LMB_NUM_SLAVES value to 2 -
   C:\Xilinx\14.2\ISE_DS\EDK\hw\XilinxProcessorIPLib\pcores\lmb_v10_v2_00_b\data
   \lmb_v10_v2_1_0.mpd line 81 
INFO:EDK:4130 - IPNAME: lmb_v10, INSTANCE:microblaze_0_dlmb - tool is overriding
   PARAMETER C_LMB_NUM_SLAVES value to 2 -
   C:\Xilinx\14.2\ISE_DS\EDK\hw\XilinxProcessorIPLib\pcores\lmb_v10_v2_00_b\data
   \lmb_v10_v2_1_0.mpd line 81 
INFO:EDK:4130 - IPNAME: bram_block, INSTANCE:microblaze_0_bram_block - tool is
   overriding PARAMETER C_MEMSIZE value to 0x8000 -
   C:\Xilinx\14.2\ISE_DS\EDK\hw\XilinxProcessorIPLib\pcores\bram_block_v1_00_a\d
   ata\bram_block_v2_1_0.mpd line 77 
INFO:EDK:4130 - IPNAME: bram_block, INSTANCE:bram_block_0 - tool is overriding
   PARAMETER C_MEMSIZE value to 0x4000 -
   C:\Xilinx\14.2\ISE_DS\EDK\hw\XilinxProcessorIPLib\pcores\bram_block_v1_00_a\d
   ata\bram_block_v2_1_0.mpd line 77 

Checking platform address map ...

Checking platform configuration ...
IPNAME: lmb_v10, INSTANCE: microblaze_0_ilmb - 1 master(s) : 2 slave(s) 
IPNAME: lmb_v10, INSTANCE: microblaze_0_dlmb - 1 master(s) : 2 slave(s) 
IPNAME: axi_interconnect, INSTANCE: axi4lite_0 - 1 master(s) : 7 slave(s) 

Checking port drivers...
WARNING:EDK:4181 - PORT: Peripheral_Reset, CONNECTOR:
   proc_sys_reset_0_Peripheral_Reset - floating connection -
   C:\temp\EDA385\env\base_system\Astroid_EDK\system.mhs line 38 

Performing Clock DRCs...

Performing Reset DRCs...

Overriding system level properties...
INFO:EDK:4130 - IPNAME: lmb_bram_if_cntlr, INSTANCE:microblaze_0_i_bram_ctrl -
   tcl is overriding PARAMETER C_MASK value to 0x40008000 -
   C:\Xilinx\14.2\ISE_DS\EDK\hw\XilinxProcessorIPLib\pcores\lmb_bram_if_cntlr_v3
   _10_a\data\lmb_bram_if_cntlr_v2_1_0.mpd line 91 
INFO:EDK:4130 - IPNAME: lmb_bram_if_cntlr, INSTANCE:microblaze_0_d_bram_ctrl -
   tcl is overriding PARAMETER C_MASK value to 0x40008000 -
   C:\Xilinx\14.2\ISE_DS\EDK\hw\XilinxProcessorIPLib\pcores\lmb_bram_if_cntlr_v3
   _10_a\data\lmb_bram_if_cntlr_v2_1_0.mpd line 91 
INFO:EDK:4130 - IPNAME: microblaze, INSTANCE:microblaze_0 - tcl is overriding
   PARAMETER C_D_AXI value to 1 -
   C:\Xilinx\14.2\ISE_DS\EDK\hw\XilinxProcessorIPLib\pcores\microblaze_v8_40_a\d
   ata\microblaze_v2_1_0.mpd line 229 
INFO:EDK:4130 - IPNAME: microblaze, INSTANCE:microblaze_0 - tcl is overriding
   PARAMETER C_ADDR_TAG_BITS value to 0 -
   C:\Xilinx\14.2\ISE_DS\EDK\hw\XilinxProcessorIPLib\pcores\microblaze_v8_40_a\d
   ata\microblaze_v2_1_0.mpd line 334 
INFO:EDK:4130 - IPNAME: microblaze, INSTANCE:microblaze_0 - tcl is overriding
   PARAMETER C_DCACHE_ADDR_TAG value to 0 -
   C:\Xilinx\14.2\ISE_DS\EDK\hw\XilinxProcessorIPLib\pcores\microblaze_v8_40_a\d
   ata\microblaze_v2_1_0.mpd line 364 
INFO:EDK:4130 - IPNAME: microblaze, INSTANCE:microblaze_0 - tcl is overriding
   PARAMETER C_USE_EXT_BRK value to 1 -
   C:\Xilinx\14.2\ISE_DS\EDK\hw\XilinxProcessorIPLib\pcores\microblaze_v8_40_a\d
   ata\microblaze_v2_1_0.mpd line 399 
INFO:EDK:4130 - IPNAME: microblaze, INSTANCE:microblaze_0 - tcl is overriding
   PARAMETER C_USE_EXT_NM_BRK value to 1 -
   C:\Xilinx\14.2\ISE_DS\EDK\hw\XilinxProcessorIPLib\pcores\microblaze_v8_40_a\d
   ata\microblaze_v2_1_0.mpd line 400 

INFO: Setting C_RANGE_CHECK = ON for axi_interconnect axi4lite_0.
INFO:EDK:4130 - IPNAME: axi_interconnect, INSTANCE:axi4lite_0 - tcl is
   overriding PARAMETER C_RANGE_CHECK value to 1 -
   C:\Xilinx\14.2\ISE_DS\EDK\hw\XilinxProcessorIPLib\pcores\axi_interconnect_v1_
   06_a\data\axi_interconnect_v2_1_0.mpd line 148 
INFO:EDK:4130 - IPNAME: lmb_bram_if_cntlr, INSTANCE:bram_cntlr_0 - tcl is
   overriding PARAMETER C_MASK value to 0x40008000 -
   C:\Xilinx\14.2\ISE_DS\EDK\hw\XilinxProcessorIPLib\pcores\lmb_bram_if_cntlr_v3
   _10_a\data\lmb_bram_if_cntlr_v2_1_0.mpd line 91 
INFO:EDK:4130 - IPNAME: lmb_bram_if_cntlr, INSTANCE:bram_cntlr_1 - tcl is
   overriding PARAMETER C_MASK value to 0x40008000 -
   C:\Xilinx\14.2\ISE_DS\EDK\hw\XilinxProcessorIPLib\pcores\lmb_bram_if_cntlr_v3
   _10_a\data\lmb_bram_if_cntlr_v2_1_0.mpd line 91 

Running system level update procedures...

Running UPDATE Tcl procedures for OPTION SYSLEVEL_UPDATE_PROC...

Running system level DRCs...

Performing System level DRCs on properties...

Running DRC Tcl procedures for OPTION SYSLEVEL_DRC_PROC...
WARNING:EDK -  ****************************************************************
WARNING:EDK -  Optimization Alert: axi_interconnect axi4lite_0: One or more SI 
WARNING:EDK -  or MI slots uses AXI4-Lite protocol and has a W or R channel 
WARNING:EDK -  register slice configured as "Fully-registered" 
WARNING:EDK -  (C_S/M_AXI_W/R_REGISTER = 1). AXI4-Lite data transfers generally 
WARNING:EDK -  cannot take advantage of fully-registered performance. To reduce 
WARNING:EDK -  resources, use "Light-weight" reg-slices on all channels of 
WARNING:EDK -  AXI4-Lite slots (C_S/M_AXI_*_REGISTER = 7).

WARNING:EDK -  ****************************************************************
WARNING:EDK -  Optimization Alert: axi_interconnect axi4lite_0: One or more SI 
WARNING:EDK -  or MI slots uses register slices configured as 
WARNING:EDK -  "Fully-registered" on their AW, AR or B channels 
WARNING:EDK -  (C_S/M_AXI_AW/AR/B_REGISTER = 1). These control channels 
WARNING:EDK -  generally cannot take advantage of fully-registered performance. 
WARNING:EDK -  To reduce resources, use "Light-weight" reg-slices on AW, AR or 
WARNING:EDK -  B channels (C_S/M_AXI_AW/AR/B_REGISTER = 7).


Running UPDATE Tcl procedures for OPTION PLATGEN_SYSLEVEL_UPDATE_PROC...
INFO: Setting timing constaints for microblaze_0_ilmb.
INFO: The microblaze_0_ilmb core has constraints automatically generated by XPS
in implementation/microblaze_0_ilmb_wrapper/microblaze_0_ilmb_wrapper.ucf.
It can be overridden by constraints placed in the system.ucf file.

INFO: Setting timing constaints for microblaze_0_dlmb.
INFO: The microblaze_0_dlmb core has constraints automatically generated by XPS
in implementation/microblaze_0_dlmb_wrapper/microblaze_0_dlmb_wrapper.ucf.
It can be overridden by constraints placed in the system.ucf file.

INFO: Setting timing constaints for microblaze_0.
INFO: The microblaze_0 core has constraints automatically generated by XPS in
implementation/microblaze_0_wrapper/microblaze_0_wrapper.ucf.
It can be overridden by constraints placed in the system.ucf file.

INFO: Generating core-level timing constraints for asynchronous clock
conversions in axi_interconnect axi4lite_0.

Modify defaults ...

Creating stub ...

Processing licensed instances ...
Completion time: 0.00 seconds

Creating hardware output directories ...

Managing hardware (BBD-specified) netlist files ...

Managing cache ...

Elaborating instances ...
IPNAME:bram_block INSTANCE:microblaze_0_bram_block -
C:\temp\EDA385\env\base_system\Astroid_EDK\system.mhs line 74 - elaborating IP
IPNAME:bram_block INSTANCE:bram_block_0 -
C:\temp\EDA385\env\base_system\Astroid_EDK\system.mhs line 213 - elaborating IP
IPNAME:clock_generator INSTANCE:clock_generator_0 -
C:\temp\EDA385\env\base_system\Astroid_EDK\system.mhs line 105 - elaborating IP
ClkGen elaborate status: PASSED
----------------------------------------
----------------------------------------

Writing HDL for elaborated instances ...

Inserting wrapper level ...
Completion time: 1.00 seconds

Constructing platform-level connectivity ...
Completion time: 0.00 seconds

Writing (top-level) BMM ...

Writing (top-level and wrappers) HDL ...

Generating synthesis project file ...

Running XST synthesis ...

INFO:EDK:4211 - The following instances are synthesized with XST. The MPD option
   IMP_NETLIST=TRUE indicates that a NGC file is to be produced using XST
   synthesis. IMP_NETLIST=FALSE (default) instances are not synthesized. 
INSTANCE:proc_sys_reset_0 -
C:\temp\EDA385\env\base_system\Astroid_EDK\system.mhs line 28 - Running XST
synthesis
INSTANCE:microblaze_0_ilmb -
C:\temp\EDA385\env\base_system\Astroid_EDK\system.mhs line 42 - Running XST
synthesis
INSTANCE:microblaze_0_i_bram_ctrl -
C:\temp\EDA385\env\base_system\Astroid_EDK\system.mhs line 49 - Running XST
synthesis
INSTANCE:microblaze_0_dlmb -
C:\temp\EDA385\env\base_system\Astroid_EDK\system.mhs line 58 - Running XST
synthesis
INSTANCE:microblaze_0_d_bram_ctrl -
C:\temp\EDA385\env\base_system\Astroid_EDK\system.mhs line 65 - Running XST
synthesis
INSTANCE:microblaze_0_bram_block -
C:\temp\EDA385\env\base_system\Astroid_EDK\system.mhs line 74 - Running XST
synthesis
INSTANCE:microblaze_0 - C:\temp\EDA385\env\base_system\Astroid_EDK\system.mhs
line 81 - Running XST synthesis
INSTANCE:clock_generator_0 -
C:\temp\EDA385\env\base_system\Astroid_EDK\system.mhs line 105 - Running XST
synthesis
INSTANCE:axi_timer_0 - C:\temp\EDA385\env\base_system\Astroid_EDK\system.mhs
line 120 - Running XST synthesis
INSTANCE:axi4lite_0 - C:\temp\EDA385\env\base_system\Astroid_EDK\system.mhs line
131 - Running XST synthesis
INSTANCE:rs232_uart_1 - C:\temp\EDA385\env\base_system\Astroid_EDK\system.mhs
line 139 - Running XST synthesis
INSTANCE:push_buttons_4bits -
C:\temp\EDA385\env\base_system\Astroid_EDK\system.mhs line 154 - Running XST
synthesis
INSTANCE:dip_switches_8bits -
C:\temp\EDA385\env\base_system\Astroid_EDK\system.mhs line 168 - Running XST
synthesis
INSTANCE:axi_lite_slave_0 -
C:\temp\EDA385\env\base_system\Astroid_EDK\system.mhs line 182 - Running XST
synthesis
INSTANCE:debug_module_0 - C:\temp\EDA385\env\base_system\Astroid_EDK\system.mhs
line 201 - Running XST synthesis
INSTANCE:bram_block_0 - C:\temp\EDA385\env\base_system\Astroid_EDK\system.mhs
line 213 - Running XST synthesis
INSTANCE:bram_cntlr_0 - C:\temp\EDA385\env\base_system\Astroid_EDK\system.mhs
line 220 - Running XST synthesis
INSTANCE:bram_cntlr_1 - C:\temp\EDA385\env\base_system\Astroid_EDK\system.mhs
line 229 - Running XST synthesis
INSTANCE:axi_gpio_0 - C:\temp\EDA385\env\base_system\Astroid_EDK\system.mhs line
238 - Running XST synthesis

Running NGCBUILD ...
IPNAME:system_microblaze_0_ilmb_wrapper INSTANCE:microblaze_0_ilmb -
C:\temp\EDA385\env\base_system\Astroid_EDK\system.mhs line 42 - Running NGCBUILD
IPNAME:system_microblaze_0_dlmb_wrapper INSTANCE:microblaze_0_dlmb -
C:\temp\EDA385\env\base_system\Astroid_EDK\system.mhs line 58 - Running NGCBUILD
IPNAME:system_microblaze_0_wrapper INSTANCE:microblaze_0 -
C:\temp\EDA385\env\base_system\Astroid_EDK\system.mhs line 81 - Running NGCBUILD
IPNAME:system_clock_generator_0_wrapper INSTANCE:clock_generator_0 -
C:\temp\EDA385\env\base_system\Astroid_EDK\system.mhs line 105 - Running
NGCBUILD
IPNAME:system_axi4lite_0_wrapper INSTANCE:axi4lite_0 -
C:\temp\EDA385\env\base_system\Astroid_EDK\system.mhs line 131 - Running
NGCBUILD
INFO:EDK:3509 - NCF files should not be modified as they will be regenerated.
   If any constraint needs to be overridden, this should be done by modifying
   the data/system.ucf file.

Rebuilding cache ...

Total run time: 325.00 seconds
