Generated Block Diagram.
Rasterizing snd_mixer_0.jpg.....
Rasterizing snd_controller_1.jpg.....
Rasterizing snd_controller_0.jpg.....
Rasterizing proc_sys_reset_0.jpg.....
Rasterizing microblaze_0_ilmb.jpg.....
Rasterizing microblaze_0_i_bram_ctrl.jpg.....
Rasterizing microblaze_0_dlmb.jpg.....
Rasterizing microblaze_0_d_bram_ctrl.jpg.....
Rasterizing microblaze_0_bram_block.jpg.....
Rasterizing microblaze_0.jpg.....
Rasterizing debug_module_0.jpg.....
Rasterizing clock_generator_0.jpg.....
Rasterizing bram_cntlr_1.jpg.....
Rasterizing bram_cntlr_0.jpg.....
Rasterizing bram_block_0.jpg.....
Rasterizing axi_timer_0.jpg.....
Rasterizing axi_lite_slave_0.jpg.....
Rasterizing axi_gpio_0.jpg.....
Rasterizing axi4lite_0.jpg.....
Rasterizing RS232_Uart_1.jpg.....
Rasterizing Push_Buttons_4Bits.jpg.....
Rasterizing DIP_Switches_8Bits.jpg.....
Rasterizing system_blkd.jpg.....
Report generated.
Report generation completed.
