
**** Build of configuration Debug for project hello_world_0 ****

make all 
Building file: ../src/game_logic.c
Invoking: MicroBlaze gcc compiler
mb-gcc -Wall -Os -ffast-math -c -fmessage-length=0 -Wl,--no-relax -I../../standalone_bsp_0/microblaze_0/include -mlittle-endian -mxl-barrel-shift -mxl-pattern-compare -mcpu=v8.40.a -mno-xl-soft-mul -mhard-float -MMD -MP -MF"src/game_logic.d" -MT"src/game_logic.d" -o"src/game_logic.o" "../src/game_logic.c"
In file included from ../src/game_logic.c:5:0:
../src/graphics.h: In function 'rotate':
../src/graphics.h:56:2: warning: implicit declaration of function 'malloc' [-Wimplicit-function-declaration]
../src/graphics.h:56:24: warning: incompatible implicit declaration of built-in function 'malloc' [enabled by default]
In file included from ../src/game_logic.c:6:0:
../src/game_objects.h: In function 'go_hashit':
../src/game_objects.h:66:4: warning: implicit declaration of function 'go_exists' [-Wimplicit-function-declaration]
../src/game_logic.c: In function 'game_main':
../src/game_logic.c:43:13: warning: unused variable 'bullets' [-Wunused-variable]
Finished building: ../src/game_logic.c
' '
Building target: hello_world_0.elf
Invoking: MicroBlaze gcc linker
mb-gcc -Wl,--no-relax -Wl,-T -Wl,../src/lscript.ld -L../../standalone_bsp_0/microblaze_0/lib -mlittle-endian -mxl-barrel-shift -mxl-pattern-compare -mcpu=v8.40.a -mno-xl-soft-mul -mhard-float -o"hello_world_0.elf"  ./src/game_logic.o ./src/helloworld.o ./src/platform.o ./src/vga.o  ./src/tmrctr_v2_04_a/src/xtmrctr.o ./src/tmrctr_v2_04_a/src/xtmrctr_g.o ./src/tmrctr_v2_04_a/src/xtmrctr_intr.o ./src/tmrctr_v2_04_a/src/xtmrctr_l.o ./src/tmrctr_v2_04_a/src/xtmrctr_options.o ./src/tmrctr_v2_04_a/src/xtmrctr_selftest.o ./src/tmrctr_v2_04_a/src/xtmrctr_stats.o  ./.metadata/.plugins/org.eclipse.cdt.make.core/specs.o   -Wl,--start-group,-lxil,-lgcc,-lc,--end-group
Finished building target: hello_world_0.elf
' '
Invoking: MicroBlaze Print Size
mb-size hello_world_0.elf  |tee "hello_world_0.elf.size"
   text	   data	    bss	    dec	    hex	filename
  23502	   1444	   4224	  29170	   71f2	hello_world_0.elf
Finished building: hello_world_0.elf.size
' '
Invoking: Xilinx ELF Check
elfcheck hello_world_0.elf -hw ../../Astroid_EDK_hw_platform/system.xml -pe microblaze_0  |tee "hello_world_0.elf.elfcheck"
elfcheck
Xilinx EDK 14.2 Build EDK_P.28xd
Copyright (c) 1995-2012 Xilinx, Inc.  All rights reserved.

Command Line: elfcheck -hw ../../Astroid_EDK_hw_platform/system.xml -pe
microblaze_0 hello_world_0.elf 

ELF file	: hello_world_0.elf
elfcheck passed.
Finished building: hello_world_0.elf.elfcheck
' '
