Release 14.2 Xflow P.28xd (nt64)
Copyright (c) 1995-2012 Xilinx, Inc.  All rights reserved.
xflow.exe -wd implementation -p xc6slx16csg324-3 -implement xflow.opt system.ngc
 
PMSPEC -- Overriding Xilinx file
<C:/Xilinx/14.2/ISE_DS/EDK/spartan6/data/spartan6.acd> with local file
<C:/Xilinx/14.2/ISE_DS/ISE/spartan6/data/spartan6.acd>

Using Flow File: C:/temp/env/base_system/Astroid_EDK/implementation/fpga.flw 
Using Option File(s): 
 C:/temp/env/base_system/Astroid_EDK/implementation/xflow.opt 

Creating Script File ... 

#----------------------------------------------#
# Starting program ngdbuild
# ngdbuild -p xc6slx16csg324-3 -nt timestamp -bm system.bmm
"C:/temp/env/base_system/Astroid_EDK/implementation/system.ngc" -uc system.ucf
system.ngd 
#----------------------------------------------#
Release 14.2 - ngdbuild P.28xd (nt64)
Copyright (c) 1995-2012 Xilinx, Inc.  All rights reserved.
PMSPEC -- Overriding Xilinx file
<C:/Xilinx/14.2/ISE_DS/EDK/spartan6/data/spartan6.acd> with local file
<C:/Xilinx/14.2/ISE_DS/ISE/spartan6/data/spartan6.acd>

Command Line: C:\Xilinx\14.2\ISE_DS\ISE\bin\nt64\unwrapped\ngdbuild.exe -p
xc6slx16csg324-3 -nt timestamp -bm system.bmm
C:/temp/env/base_system/Astroid_EDK/implementation/system.ngc -uc system.ucf
system.ngd

Reading NGO file "C:/temp/env/base_system/Astroid_EDK/implementation/system.ngc"
...
Loading design module
"C:/temp/env/base_system/Astroid_EDK/implementation/system_push_buttons_4bits_wr
apper.ngc"...
Loading design module
"C:/temp/env/base_system/Astroid_EDK/implementation/system_dip_switches_8bits_wr
apper.ngc"...
Loading design module
"C:/temp/env/base_system/Astroid_EDK/implementation/system_rs232_uart_1_wrapper.
ngc"...
Loading design module
"C:/temp/env/base_system/Astroid_EDK/implementation/system_proc_sys_reset_0_wrap
per.ngc"...
Loading design module
"C:/temp/env/base_system/Astroid_EDK/implementation/system_clock_generator_0_wra
pper.ngc"...
Loading design module
"C:/temp/env/base_system/Astroid_EDK/implementation/system_microblaze_0_ilmb_wra
pper.ngc"...
Loading design module
"C:/temp/env/base_system/Astroid_EDK/implementation/system_microblaze_0_dlmb_wra
pper.ngc"...
Loading design module
"C:/temp/env/base_system/Astroid_EDK/implementation/system_axi4lite_0_wrapper.ng
c"...
Loading design module
"C:/temp/env/base_system/Astroid_EDK/implementation/system_microblaze_0_wrapper.
ngc"...
Loading design module
"C:/temp/env/base_system/Astroid_EDK/implementation/system_microblaze_0_i_bram_c
trl_wrapper.ngc"...
Loading design module
"C:/temp/env/base_system/Astroid_EDK/implementation/system_microblaze_0_d_bram_c
trl_wrapper.ngc"...
Loading design module
"C:/temp/env/base_system/Astroid_EDK/implementation/system_debug_module_0_wrappe
r.ngc"...
Loading design module
"C:/temp/env/base_system/Astroid_EDK/implementation/system_axi_timer_0_wrapper.n
gc"...
Loading design module
"C:/temp/env/base_system/Astroid_EDK/implementation/system_axi_lite_slave_0_wrap
per.ngc"...
Loading design module
"C:/temp/env/base_system/Astroid_EDK/implementation/system_microblaze_0_bram_blo
ck_wrapper.ngc"...
Applying constraints in
"C:/temp/env/base_system/Astroid_EDK/implementation/system_microblaze_0_ilmb_wra
pper.ncf" to module "microblaze_0_ilmb"...
Checking Constraint Associations...
Applying constraints in
"C:/temp/env/base_system/Astroid_EDK/implementation/system_microblaze_0_dlmb_wra
pper.ncf" to module "microblaze_0_dlmb"...
Checking Constraint Associations...
Applying constraints in
"C:/temp/env/base_system/Astroid_EDK/implementation/system_axi4lite_0_wrapper.nc
f" to module "axi4lite_0"...
Checking Constraint Associations...
Applying constraints in
"C:/temp/env/base_system/Astroid_EDK/implementation/system_microblaze_0_wrapper.
ncf" to module "microblaze_0"...
Checking Constraint Associations...
Gathering constraint information from source properties...
Done.

Annotating constraints to design from ucf file "system.ucf" ...
Resolving constraint associations...
Checking Constraint Associations...
WARNING:ConstraintSystem:135 - Constraint <INST
   /system/EXPANDED/system/axi4lite_0/axi4lite_0\/si_converter_bank\/gen_conv_sl
   ot[0].clock_conv_inst\/interconnect_aresetn_resync<2>_inv1_INV_0 TNM =
   FFS:axi4lite_0_reset_resync>: No instances of type FFS were found under block
   "axi4lite_0/axi4lite_0/si_converter_bank/gen_conv_slot[0].clock_conv_inst/int
   erconnect_aresetn_resync<2>_inv1_INV_0" (type=INV).

WARNING:ConstraintSystem:58 - Constraint <TIMEGRP axi4lite_0_reset_source = FFS
   PADS CPUS;>: CPUS "*" does not match any design objects.

WARNING:ConstraintSystem:194 - The TNM 'axi4lite_0_reset_resync', does not
   directly or indirectly drive any flip-flops, latches and/or RAMs and is not
   actively used by any referencing constraint.

INFO:ConstraintSystem:178 - TNM 'sys_clk_pin', used in period specification
   'TS_sys_clk_pin', was traced into PLL_ADV instance
   clock_generator_0/PLL0_INST/Using_PLL_ADV.PLL_ADV_inst. The following new TNM
   groups and period specifications were generated at the PLL_ADV output(s): 
   CLKOUT0: <TIMESPEC TS_clock_generator_0_clock_generator_0_SIG_PLL0_CLKOUT0 =
   PERIOD "clock_generator_0_clock_generator_0_SIG_PLL0_CLKOUT0" TS_sys_clk_pin
   HIGH 50%>

Done...

Processing BMM file "system.bmm" ...

Checking expanded design ...

Partition Implementation Status
-------------------------------

  No Partitions were found in this design.

-------------------------------

NGDBUILD Design Results Summary:
  Number of errors:     0
  Number of warnings:   3

Writing NGD file "system.ngd" ...
Total REAL time to NGDBUILD completion:  46 sec
Total CPU time to NGDBUILD completion:   46 sec

Writing NGDBUILD log file "system.bld"...

NGDBUILD done.



#----------------------------------------------#
# Starting program map
# map -o system_map.ncd -w -pr b -ol high -timing -detail system.ngd system.pcf 
#----------------------------------------------#
Release 14.2 - Map P.28xd (nt64)
Copyright (c) 1995-2012 Xilinx, Inc.  All rights reserved.
PMSPEC -- Overriding Xilinx file
<C:/Xilinx/14.2/ISE_DS/EDK/data/Xdh_PrimTypeLib.xda> with local file
<C:/Xilinx/14.2/ISE_DS/ISE/data/Xdh_PrimTypeLib.xda>
Using target part "6slx16csg324-3".
vvvvvvvvvvvvvvvvvvvvvvvvvvvvvvvvvvvvvvvvvvvvvvvvvvvvvvvvvvvvvvvvvvvvvv
INFO:Security:50 - The XILINXD_LICENSE_FILE environment variable is set to
'2100@vm05.cs.lth.se'.
INFO:Security:53 - The LM_LICENSE_FILE environment variable is not set.
INFO:Security:54 - 'xc6slx16' is a WebPack part.
WARNING:Security:43 - No license file was found in the standard Xilinx license
directory.
WARNING:Security:44 - Since no license file was found,
       please run the Xilinx License Configuration Manager
       (xlcm or "Manage Xilinx Licenses")
       to assist in obtaining a license.
WARNING:Security:42 - Your software subscription period has lapsed. Your current
version of Xilinx tools will continue to function, but you no longer qualify for
Xilinx software updates or new releases.
----------------------------------------------------------------------
Mapping design into LUTs...
Writing file system_map.ngm...
Running directed packing...
Running delay-based LUT packing...
Updating timing models...
INFO:Map:215 - The Interim Design Summary has been generated in the MAP Report
   (.mrp).
Running timing-driven placement...
Total REAL time at the beginning of Placer: 21 secs 
Total CPU  time at the beginning of Placer: 21 secs 

Phase 1.1  Initial Placement Analysis
Phase 1.1  Initial Placement Analysis (Checksum:df9b74f4) REAL time: 22 secs 

Phase 2.7  Design Feasibility Check
WARNING:Place:837 - Partially locked IO Bus is found. 
    Following components of the bus are not locked: 
   	 Comp: VGA_BLUE<0>

WARNING:Place:838 - An IO Bus with more than one IO standard is found.
   Components associated with this bus are as follows: 
   	 Comp: VGA_BLUE<0>   IOSTANDARD = LVCMOS25
   	 Comp: VGA_BLUE<1>   IOSTANDARD = LVCMOS33
   	 Comp: VGA_BLUE<2>   IOSTANDARD = LVCMOS33


INFO:Place:834 - Only a subset of IOs are locked. Out of 27 IOs, 26 are locked
   and 1 are not locked. If you would like to print the names of these IOs,
   please set the environment variable XIL_PAR_DESIGN_CHECK_VERBOSE to 1. 
Phase 2.7  Design Feasibility Check (Checksum:df9b74f4) REAL time: 23 secs 

Phase 3.31  Local Placement Optimization
Phase 3.31  Local Placement Optimization (Checksum:61fa2174) REAL time: 23 secs 

Phase 4.2  Initial Placement for Architecture Specific Features
....
Phase 4.2  Initial Placement for Architecture Specific Features
(Checksum:c2f05bbe) REAL time: 30 secs 

Phase 5.36  Local Placement Optimization
Phase 5.36  Local Placement Optimization (Checksum:c2f05bbe) REAL time: 30 secs 

Phase 6.30  Global Clock Region Assignment
Phase 6.30  Global Clock Region Assignment (Checksum:c2f05bbe) REAL time: 30 secs 

Phase 7.3  Local Placement Optimization
...
Phase 7.3  Local Placement Optimization (Checksum:9e908246) REAL time: 30 secs 

Phase 8.5  Local Placement Optimization
Phase 8.5  Local Placement Optimization (Checksum:c301083d) REAL time: 30 secs 

Phase 9.8  Global Placement
..........................
....................................................................................................
......................................................................................................................................................................................
......................................................................................................................................................................
..............................................................................................................................................
Phase 9.8  Global Placement (Checksum:e2f43ccb) REAL time: 1 mins 37 secs 

Phase 10.5  Local Placement Optimization
Phase 10.5  Local Placement Optimization (Checksum:e2f43ccb) REAL time: 1 mins 37 secs 

Phase 11.18  Placement Optimization
Phase 11.18  Placement Optimization (Checksum:b74c59cd) REAL time: 1 mins 51 secs 

Phase 12.5  Local Placement Optimization
Phase 12.5  Local Placement Optimization (Checksum:b74c59cd) REAL time: 1 mins 51 secs 

Phase 13.34  Placement Validation
Phase 13.34  Placement Validation (Checksum:6e79469b) REAL time: 1 mins 52 secs 

Total REAL time to Placer completion: 1 mins 52 secs 
Total CPU  time to Placer completion: 1 mins 52 secs 
Running post-placement packing...
Writing output files...

Design Summary:
Number of errors:      0
Number of warnings:    5
Slice Logic Utilization:
  Number of Slice Registers:                 5,697 out of  18,224   31%
    Number used as Flip Flops:               5,691
    Number used as Latches:                      0
    Number used as Latch-thrus:                  0
    Number used as AND/OR logics:                6
  Number of Slice LUTs:                      7,658 out of   9,112   84%
    Number used as logic:                    6,786 out of   9,112   74%
      Number using O6 output only:           4,832
      Number using O5 output only:             256
      Number using O5 and O6:                1,698
      Number used as ROM:                        0
    Number used as Memory:                     841 out of   2,176   38%
      Number used as Dual Port RAM:             64
        Number using O6 output only:             0
        Number using O5 output only:             0
        Number using O5 and O6:                 64
      Number used as Single Port RAM:            0
      Number used as Shift Register:           777
        Number using O6 output only:            46
        Number using O5 output only:             0
        Number using O5 and O6:                731
    Number used exclusively as route-thrus:     31
      Number with same-slice register load:      7
      Number with same-slice carry load:        24
      Number with other load:                    0

Slice Logic Distribution:
  Number of occupied Slices:                 2,206 out of   2,278   96%
  Nummber of MUXCYs used:                    1,700 out of   4,556   37%
  Number of LUT Flip Flop pairs used:        7,770
    Number with an unused Flip Flop:         3,294 out of   7,770   42%
    Number with an unused LUT:                 112 out of   7,770    1%
    Number of fully used LUT-FF pairs:       4,364 out of   7,770   56%
    Number of unique control sets:             124
    Number of slice register sites lost
      to control set restrictions:             505 out of  18,224    2%

  A LUT Flip Flop pair for this architecture represents one LUT paired with
  one Flip Flop within a slice.  A control set is a unique combination of
  clock, reset, set, and enable signals for a registered element.
  The Slice Logic Distribution report is not meaningful if the design is
  over-mapped for a non-slice resource or if Placement fails.

IO Utilization:
  Number of bonded IOBs:                        27 out of     232   11%
    Number of LOCed IOBs:                       26 out of      27   96%
    IOB Flip Flops:                              2

Specific Feature Utilization:
  Number of RAMB16BWERs:                        16 out of      32   50%
  Number of RAMB8BWERs:                         32 out of      64   50%
  Number of BUFIO2/BUFIO2_2CLKs:                 1 out of      32    3%
    Number used as BUFIO2s:                      1
    Number used as BUFIO2_2CLKs:                 0
  Number of BUFIO2FB/BUFIO2FB_2CLKs:             0 out of      32    0%
  Number of BUFG/BUFGMUXs:                       2 out of      16   12%
    Number used as BUFGs:                        2
    Number used as BUFGMUX:                      0
  Number of DCM/DCM_CLKGENs:                     0 out of       4    0%
  Number of ILOGIC2/ISERDES2s:                   1 out of     248    1%
    Number used as ILOGIC2s:                     1
    Number used as ISERDES2s:                    0
  Number of IODELAY2/IODRP2/IODRP2_MCBs:         0 out of     248    0%
  Number of OLOGIC2/OSERDES2s:                   1 out of     248    1%
    Number used as OLOGIC2s:                     1
    Number used as OSERDES2s:                    0
  Number of BSCANs:                              1 out of       4   25%
  Number of BUFHs:                               0 out of     128    0%
  Number of BUFPLLs:                             0 out of       8    0%
  Number of BUFPLL_MCBs:                         0 out of       4    0%
  Number of DSP48A1s:                            8 out of      32   25%
  Number of ICAPs:                               0 out of       1    0%
  Number of MCBs:                                0 out of       2    0%
  Number of PCILOGICSEs:                         0 out of       2    0%
  Number of PLL_ADVs:                            1 out of       2   50%
  Number of PMVs:                                0 out of       1    0%
  Number of STARTUPs:                            0 out of       1    0%
  Number of SUSPEND_SYNCs:                       0 out of       1    0%

Average Fanout of Non-Clock Nets:                3.87

Peak Memory Usage:  583 MB
Total REAL time to MAP completion:  1 mins 58 secs 
Total CPU time to MAP completion:   1 mins 58 secs 

Mapping completed.
See MAP report file "system_map.mrp" for details.



#----------------------------------------------#
# Starting program par
# par -w -ol high system_map.ncd system.ncd system.pcf 
#----------------------------------------------#
Release 14.2 - par P.28xd (nt64)
Copyright (c) 1995-2012 Xilinx, Inc.  All rights reserved.
PMSPEC -- Overriding Xilinx file <C:/Xilinx/14.2/ISE_DS/EDK/data/parBmgr.acd> with local file
<C:/Xilinx/14.2/ISE_DS/ISE/data/parBmgr.acd>



Constraints file: system.pcf.
Loading device for application Rf_Device from file '6slx16.nph' in environment
C:\Xilinx\14.2\ISE_DS\ISE\;C:\Xilinx\14.2\ISE_DS\EDK.
   "system" is an NCD, version 3.2, device xc6slx16, package csg324, speed -3
vvvvvvvvvvvvvvvvvvvvvvvvvvvvvvvvvvvvvvvvvvvvvvvvvvvvvvvvvvvvvvvvvvvvvv
INFO:Security:50 - The XILINXD_LICENSE_FILE environment variable is set to '2100@vm05.cs.lth.se'.
INFO:Security:53 - The LM_LICENSE_FILE environment variable is not set.
INFO:Security:54 - 'xc6slx16' is a WebPack part.
WARNING:Security:43 - No license file was found in the standard Xilinx license directory.
WARNING:Security:44 - Since no license file was found,
       please run the Xilinx License Configuration Manager
       (xlcm or "Manage Xilinx Licenses")
       to assist in obtaining a license.
WARNING:Security:42 - Your software subscription period has lapsed. Your current version of Xilinx tools will continue
to function, but you no longer qualify for Xilinx software updates or new releases.

----------------------------------------------------------------------

Initializing temperature to 85.000 Celsius. (default - Range: 0.000 to 85.000 Celsius)
Initializing voltage to 1.140 Volts. (default - Range: 1.140 to 1.260 Volts)


Device speed data version:  "PRODUCTION 1.22 2012-07-09".



Device Utilization Summary:

Slice Logic Utilization:
  Number of Slice Registers:                 5,697 out of  18,224   31%
    Number used as Flip Flops:               5,691
    Number used as Latches:                      0
    Number used as Latch-thrus:                  0
    Number used as AND/OR logics:                6
  Number of Slice LUTs:                      7,658 out of   9,112   84%
    Number used as logic:                    6,786 out of   9,112   74%
      Number using O6 output only:           4,832
      Number using O5 output only:             256
      Number using O5 and O6:                1,698
      Number used as ROM:                        0
    Number used as Memory:                     841 out of   2,176   38%
      Number used as Dual Port RAM:             64
        Number using O6 output only:             0
        Number using O5 output only:             0
        Number using O5 and O6:                 64
      Number used as Single Port RAM:            0
      Number used as Shift Register:           777
        Number using O6 output only:            46
        Number using O5 output only:             0
        Number using O5 and O6:                731
    Number used exclusively as route-thrus:     31
      Number with same-slice register load:      7
      Number with same-slice carry load:        24
      Number with other load:                    0

Slice Logic Distribution:
  Number of occupied Slices:                 2,206 out of   2,278   96%
  Nummber of MUXCYs used:                    1,700 out of   4,556   37%
  Number of LUT Flip Flop pairs used:        7,770
    Number with an unused Flip Flop:         3,294 out of   7,770   42%
    Number with an unused LUT:                 112 out of   7,770    1%
    Number of fully used LUT-FF pairs:       4,364 out of   7,770   56%
    Number of slice register sites lost
      to control set restrictions:               0 out of  18,224    0%

  A LUT Flip Flop pair for this architecture represents one LUT paired with
  one Flip Flop within a slice.  A control set is a unique combination of
  clock, reset, set, and enable signals for a registered element.
  The Slice Logic Distribution report is not meaningful if the design is
  over-mapped for a non-slice resource or if Placement fails.

IO Utilization:
  Number of bonded IOBs:                        27 out of     232   11%
    Number of LOCed IOBs:                       26 out of      27   96%
    IOB Flip Flops:                              2

Specific Feature Utilization:
  Number of RAMB16BWERs:                        16 out of      32   50%
  Number of RAMB8BWERs:                         32 out of      64   50%
  Number of BUFIO2/BUFIO2_2CLKs:                 1 out of      32    3%
    Number used as BUFIO2s:                      1
    Number used as BUFIO2_2CLKs:                 0
  Number of BUFIO2FB/BUFIO2FB_2CLKs:             0 out of      32    0%
  Number of BUFG/BUFGMUXs:                       2 out of      16   12%
    Number used as BUFGs:                        2
    Number used as BUFGMUX:                      0
  Number of DCM/DCM_CLKGENs:                     0 out of       4    0%
  Number of ILOGIC2/ISERDES2s:                   1 out of     248    1%
    Number used as ILOGIC2s:                     1
    Number used as ISERDES2s:                    0
  Number of IODELAY2/IODRP2/IODRP2_MCBs:         0 out of     248    0%
  Number of OLOGIC2/OSERDES2s:                   1 out of     248    1%
    Number used as OLOGIC2s:                     1
    Number used as OSERDES2s:                    0
  Number of BSCANs:                              1 out of       4   25%
  Number of BUFHs:                               0 out of     128    0%
  Number of BUFPLLs:                             0 out of       8    0%
  Number of BUFPLL_MCBs:                         0 out of       4    0%
  Number of DSP48A1s:                            8 out of      32   25%
  Number of ICAPs:                               0 out of       1    0%
  Number of MCBs:                                0 out of       2    0%
  Number of PCILOGICSEs:                         0 out of       2    0%
  Number of PLL_ADVs:                            1 out of       2   50%
  Number of PMVs:                                0 out of       1    0%
  Number of STARTUPs:                            0 out of       1    0%
  Number of SUSPEND_SYNCs:                       0 out of       1    0%


Overall effort level (-ol):   High 
Router effort level (-rl):    High 

INFO:Timing:3386 - Intersecting Constraints found and resolved.  For more information, see the TSI report.  Please consult the Xilinx
   Command Line Tools User Guide for information on generating a TSI report.
Starting initial Timing Analysis.  REAL time: 10 secs 
Finished initial Timing Analysis.  REAL time: 11 secs 

WARNING:Par:288 - The signal microblaze_0_d_bram_ctrl_2_microblaze_0_bram_block_BRAM_Addr<31> has no load.  PAR will not attempt to route
   this signal.
WARNING:Par:288 - The signal microblaze_0_d_bram_ctrl_2_microblaze_0_bram_block_BRAM_Addr<30> has no load.  PAR will not attempt to route
   this signal.
Starting Router


Phase  1  : 46065 unrouted;      REAL time: 11 secs 

Phase  2  : 34576 unrouted;      REAL time: 13 secs 

Phase  3  : 14321 unrouted;      REAL time: 42 secs 

Phase  4  : 14321 unrouted; (Setup:0, Hold:0, Component Switching Limit:0)     REAL time: 43 secs 

Updating file: system.ncd with current fully routed design.

Phase  5  : 0 unrouted; (Setup:0, Hold:0, Component Switching Limit:0)     REAL time: 1 mins 1 secs 

Phase  6  : 0 unrouted; (Setup:0, Hold:0, Component Switching Limit:0)     REAL time: 1 mins 1 secs 

Phase  7  : 0 unrouted; (Setup:0, Hold:0, Component Switching Limit:0)     REAL time: 1 mins 1 secs 

Phase  8  : 0 unrouted; (Setup:0, Hold:0, Component Switching Limit:0)     REAL time: 1 mins 1 secs 

Phase  9  : 0 unrouted; (Setup:0, Hold:0, Component Switching Limit:0)     REAL time: 1 mins 1 secs 

Phase 10  : 0 unrouted; (Setup:0, Hold:0, Component Switching Limit:0)     REAL time: 1 mins 3 secs 
Total REAL time to Router completion: 1 mins 3 secs 
Total CPU time to Router completion: 1 mins 4 secs 

Partition Implementation Status
-------------------------------

  No Partitions were found in this design.

-------------------------------

Generating "PAR" statistics.

**************************
Generating Clock Report
**************************

+---------------------+--------------+------+------+------------+-------------+
|        Clock Net    |   Resource   |Locked|Fanout|Net Skew(ns)|Max Delay(ns)|
+---------------------+--------------+------+------+------------+-------------+
|     clk_100_0000MHz | BUFGMUX_X3Y13| No   | 1582 |  0.544     |  1.390      |
+---------------------+--------------+------+------+------------+-------------+
|debug_module_0_MBDEB |              |      |      |            |             |
|        UG_0_Dbg_Clk |  BUFGMUX_X2Y3| No   |   15 |  0.049     |  0.909      |
+---------------------+--------------+------+------+------------+-------------+
|debug_module_0_MBDEB |              |      |      |            |             |
|     UG_0_Dbg_Update |         Local|      |   10 |  1.562     |  2.606      |
+---------------------+--------------+------+------+------------+-------------+

* Net Skew is the difference between the minimum and maximum routing
only delays for the net. Note this is different from Clock Skew which
is reported in TRCE timing report. Clock Skew is the difference between
the minimum and maximum path delays which includes logic delays.

* The fanout is the number of component pins not the individual BEL loads,
for example SLICE loads not FF loads.

Timing Score: 0 (Setup: 0, Hold: 0, Component Switching Limit: 0)

Number of Timing Constraints that were not applied: 1

Asterisk (*) preceding a constraint indicates it was not met.
   This may be due to a setup or hold violation.

----------------------------------------------------------------------------------------------------------
  Constraint                                |    Check    | Worst Case |  Best Case | Timing |   Timing   
                                            |             |    Slack   | Achievable | Errors |    Score   
----------------------------------------------------------------------------------------------------------
  TS_clock_generator_0_clock_generator_0_SI | SETUP       |     0.740ns|     9.260ns|       0|           0
  G_PLL0_CLKOUT0 = PERIOD TIMEGRP         " | HOLD        |     0.243ns|            |       0|           0
  clock_generator_0_clock_generator_0_SIG_P |             |            |            |        |            
  LL0_CLKOUT0" TS_sys_clk_pin         HIGH  |             |            |            |        |            
  50%                                       |             |            |            |        |            
----------------------------------------------------------------------------------------------------------
  TS_sys_clk_pin = PERIOD TIMEGRP "sys_clk_ | MINLOWPULSE |     6.666ns|     3.334ns|       0|           0
  pin" 100 MHz HIGH 50%                     |             |            |            |        |            
----------------------------------------------------------------------------------------------------------
  PATH "TS_TIG_microblaze_0_Reset_path" TIG | SETUP       |         N/A|     2.472ns|     N/A|           0
----------------------------------------------------------------------------------------------------------
  PATH "TS_axi4lite_0_reset_resync_path" TI | MAXDELAY    |         N/A|     4.584ns|     N/A|           0
  G                                         |             |            |            |        |            
----------------------------------------------------------------------------------------------------------
  PATH "TS_TIG_microblaze_0_dlmb_POR_FF_I_p | SETUP       |         N/A|     2.480ns|     N/A|           0
  ath" TIG                                  |             |            |            |        |            
----------------------------------------------------------------------------------------------------------
  PATH "TS_TIG_microblaze_0_ilmb_POR_FF_I_p | SETUP       |         N/A|     1.512ns|     N/A|           0
  ath" TIG                                  |             |            |            |        |            
----------------------------------------------------------------------------------------------------------


Derived Constraint Report
Review Timing Report for more details on the following derived constraints.
To create a Timing Report, run "trce -v 12 -fastpaths -o design_timing_report design.ncd design.pcf"
or "Run Timing Analysis" from Timing Analyzer (timingan).
Derived Constraints for TS_sys_clk_pin
+-------------------------------+-------------+-------------+-------------+-------------+-------------+-------------+-------------+
|                               |   Period    |       Actual Period       |      Timing Errors        |      Paths Analyzed       |
|           Constraint          | Requirement |-------------+-------------|-------------+-------------|-------------+-------------|
|                               |             |   Direct    | Derivative  |   Direct    | Derivative  |   Direct    | Derivative  |
+-------------------------------+-------------+-------------+-------------+-------------+-------------+-------------+-------------+
|TS_sys_clk_pin                 |     10.000ns|      3.334ns|      9.260ns|            0|            0|            0|       917389|
| TS_clock_generator_0_clock_gen|     10.000ns|      9.260ns|          N/A|            0|            0|       917389|            0|
| erator_0_SIG_PLL0_CLKOUT0     |             |             |             |             |             |             |             |
+-------------------------------+-------------+-------------+-------------+-------------+-------------+-------------+-------------+

All constraints were met.
INFO:Timing:2761 - N/A entries in the Constraints List may indicate that the 
   constraint is not analyzed due to the following: No paths covered by this 
   constraint; Other constraints intersect with this constraint; or This 
   constraint was disabled by a Path Tracing Control. Please run the Timespec 
   Interaction Report (TSI) via command line (trce tsi) or Timing Analyzer GUI.


Generating Pad Report.

All signals are completely routed.

WARNING:Par:283 - There are 2 loadless signals in this design. This design will cause Bitgen to issue DRC warnings.

Total REAL time to PAR completion: 1 mins 8 secs 
Total CPU time to PAR completion: 1 mins 6 secs 

Peak Memory Usage:  533 MB

Placer: Placement generated during map.
Routing: Completed - No errors found.
Timing: Completed - No errors found.

Number of error messages: 0
Number of warning messages: 4
Number of info messages: 1

Writing design to file system.ncd



PAR done!



#----------------------------------------------#
# Starting program post_par_trce
# trce -e 3 -xml system.twx system.ncd system.pcf 
#----------------------------------------------#
Release 14.2 - Trace  (nt64)
Copyright (c) 1995-2012 Xilinx, Inc.  All rights reserved.


PMSPEC -- Overriding Xilinx file
<C:/Xilinx/14.2/ISE_DS/EDK/spartan6/data/spartan6.acd> with local file
<C:/Xilinx/14.2/ISE_DS/ISE/spartan6/data/spartan6.acd>
Loading device for application Rf_Device from file '6slx16.nph' in environment
C:\Xilinx\14.2\ISE_DS\ISE\;C:\Xilinx\14.2\ISE_DS\EDK.
   "system" is an NCD, version 3.2, device xc6slx16, package csg324, speed -3
INFO:Timing:3386 - Intersecting Constraints found and resolved.  For more
   information, see the TSI report.  Please consult the Xilinx Command Line
   Tools User Guide for information on generating a TSI report.
--------------------------------------------------------------------------------
Release 14.2 Trace  (nt64)
Copyright (c) 1995-2012 Xilinx, Inc.  All rights reserved.

C:\Xilinx\14.2\ISE_DS\ISE\bin\nt64\unwrapped\trce.exe -e 3 -xml system.twx
system.ncd system.pcf


Design file:              system.ncd
Physical constraint file: system.pcf
Device,speed:             xc6slx16,-3 (PRODUCTION 1.22 2012-07-09)
Report level:             error report
--------------------------------------------------------------------------------

INFO:Timing:3412 - To improve timing, see the Timing Closure User Guide (UG612).
INFO:Timing:2752 - To get complete path coverage, use the unconstrained paths option. All paths that are not constrained will be reported in
   the unconstrained paths section(s) of the report.
INFO:Timing:3339 - The clock-to-out numbers in this timing report are based on a 50 Ohm transmission line loading model.  For the details of
   this model, and for more information on accounting for different loading conditions, please see the device datasheet.


Timing summary:
---------------

Timing errors: 0  Score: 0 (Setup/Max: 0, Hold: 0)

Constraints cover 917402 paths, 0 nets, and 35401 connections

Design statistics:
   Minimum period:   9.260ns (Maximum frequency: 107.991MHz)


Analysis completed Wed Oct 01 11:04:20 2014
--------------------------------------------------------------------------------

Generating Report ...

Number of warnings: 0
Number of info messages: 4
Total time: 13 secs 


