Running: C:\Xilinx\14.2\ISE_DS\ISE\bin\nt64\unwrapped\fuse.exe -incremental work.system work.glbl -prj system.prj -L xilinxcorelib_ver -L secureip -L unisims_ver -L unimacro_ver -o isim_system.exe 
ISim P.28xd (signature 0xa0883be4)
Number of CPUs detected in this system: 4
Turning on mult-threading, number of parallel sub-compilation jobs: 8 
Parsing VHDL file "C:/Xilinx/14.2/ISE_DS/EDK/hw/XilinxProcessorIPLib/pcores/proc_sys_reset_v3_00_a/hdl/vhdl/upcnt_n.vhd" into library proc_sys_reset_v3_00_a
Parsing VHDL file "C:/Xilinx/14.2/ISE_DS/EDK/hw/XilinxProcessorIPLib/pcores/proc_sys_reset_v3_00_a/hdl/vhdl/lpf.vhd" into library proc_sys_reset_v3_00_a
Parsing VHDL file "C:/Xilinx/14.2/ISE_DS/EDK/hw/XilinxProcessorIPLib/pcores/proc_sys_reset_v3_00_a/hdl/vhdl/sequence.vhd" into library proc_sys_reset_v3_00_a
Parsing VHDL file "C:/Xilinx/14.2/ISE_DS/EDK/hw/XilinxProcessorIPLib/pcores/proc_sys_reset_v3_00_a/hdl/vhdl/proc_sys_reset.vhd" into library proc_sys_reset_v3_00_a
Parsing VHDL file "C:/Xilinx/14.2/ISE_DS/EDK/hw/XilinxProcessorIPLib/pcores/lmb_v10_v2_00_b/hdl/vhdl/lmb_v10.vhd" into library lmb_v10_v2_00_b
Parsing VHDL file "C:/Xilinx/14.2/ISE_DS/EDK/hw/XilinxProcessorIPLib/pcores/lmb_bram_if_cntlr_v3_10_a/hdl/vhdl/lmb_bram_if_funcs.vhd" into library lmb_bram_if_cntlr_v3_10_a
Parsing VHDL file "C:/Xilinx/14.2/ISE_DS/EDK/hw/XilinxProcessorIPLib/pcores/lmb_bram_if_cntlr_v3_10_a/hdl/vhdl/xor18.vhd" into library lmb_bram_if_cntlr_v3_10_a
Parsing VHDL file "C:/Xilinx/14.2/ISE_DS/EDK/hw/XilinxProcessorIPLib/pcores/lmb_bram_if_cntlr_v3_10_a/hdl/vhdl/parity.vhd" into library lmb_bram_if_cntlr_v3_10_a
Parsing VHDL file "C:/Xilinx/14.2/ISE_DS/EDK/hw/XilinxProcessorIPLib/pcores/lmb_bram_if_cntlr_v3_10_a/hdl/vhdl/parityenable.vhd" into library lmb_bram_if_cntlr_v3_10_a
Parsing VHDL file "C:/Xilinx/14.2/ISE_DS/EDK/hw/XilinxProcessorIPLib/pcores/lmb_bram_if_cntlr_v3_10_a/hdl/vhdl/checkbit_handler.vhd" into library lmb_bram_if_cntlr_v3_10_a
Parsing VHDL file "C:/Xilinx/14.2/ISE_DS/EDK/hw/XilinxProcessorIPLib/pcores/lmb_bram_if_cntlr_v3_10_a/hdl/vhdl/correct_one_bit.vhd" into library lmb_bram_if_cntlr_v3_10_a
Parsing VHDL file "C:/Xilinx/14.2/ISE_DS/EDK/hw/XilinxProcessorIPLib/pcores/lmb_bram_if_cntlr_v3_10_a/hdl/vhdl/pselect.vhd" into library lmb_bram_if_cntlr_v3_10_a
Parsing VHDL file "C:/Xilinx/14.2/ISE_DS/EDK/hw/XilinxProcessorIPLib/pcores/lmb_bram_if_cntlr_v3_10_a/hdl/vhdl/pselect_mask.vhd" into library lmb_bram_if_cntlr_v3_10_a
Parsing VHDL file "C:/Xilinx/14.2/ISE_DS/EDK/hw/XilinxProcessorIPLib/pcores/lmb_bram_if_cntlr_v3_10_a/hdl/vhdl/plb_interface.vhd" into library lmb_bram_if_cntlr_v3_10_a
Parsing VHDL file "C:/Xilinx/14.2/ISE_DS/EDK/hw/XilinxProcessorIPLib/pcores/lmb_bram_if_cntlr_v3_10_a/hdl/vhdl/axi_interface.vhd" into library lmb_bram_if_cntlr_v3_10_a
Parsing VHDL file "C:/Xilinx/14.2/ISE_DS/EDK/hw/XilinxProcessorIPLib/pcores/lmb_bram_if_cntlr_v3_10_a/hdl/vhdl/lmb_mux.vhd" into library lmb_bram_if_cntlr_v3_10_a
Parsing VHDL file "C:/Xilinx/14.2/ISE_DS/EDK/hw/XilinxProcessorIPLib/pcores/lmb_bram_if_cntlr_v3_10_a/hdl/vhdl/lmb_bram_if_cntlr.vhd" into library lmb_bram_if_cntlr_v3_10_a
Parsing VHDL file "elaborate/microblaze_0_bram_block_elaborate_v1_00_a/hdl/vhdl/microblaze_0_bram_block_elaborate.vhd" into library microblaze_0_bram_block_elaborate_v1_00_a
Parsing VHDL file "C:/Xilinx/14.2/ISE_DS/EDK/hw/XilinxProcessorIPLib/pcores/microblaze_v8_40_a/hdl/vhdl/microblaze_types_pkg.vhd" into library microblaze_v8_40_a
Parsing VHDL file "C:/Xilinx/14.2/ISE_DS/EDK/hw/XilinxProcessorIPLib/pcores/microblaze_v8_40_a/hdl/vhdl/microblaze_types_pkg_body.vhd" into library microblaze_v8_40_a
Parsing VHDL file "C:/Xilinx/14.2/ISE_DS/EDK/hw/XilinxProcessorIPLib/pcores/microblaze_v8_40_a/hdl/vhdl/microblaze_isa_be_pkg.vhd" into library microblaze_v8_40_a
Parsing VHDL file "C:/Xilinx/14.2/ISE_DS/EDK/hw/XilinxProcessorIPLib/pcores/microblaze_v8_40_a/hdl/vhdl/microblaze_primitives.vhd" into library microblaze_v8_40_a
Parsing VHDL file "C:/Xilinx/14.2/ISE_DS/EDK/hw/XilinxProcessorIPLib/pcores/microblaze_v8_40_a/hdl/vhdl/mux_bus.vhd" into library microblaze_v8_40_a
Parsing VHDL file "C:/Xilinx/14.2/ISE_DS/EDK/hw/XilinxProcessorIPLib/pcores/microblaze_v8_40_a/hdl/vhdl/parity.vhd" into library microblaze_v8_40_a
Parsing VHDL file "C:/Xilinx/14.2/ISE_DS/EDK/hw/XilinxProcessorIPLib/pcores/microblaze_v8_40_a/hdl/vhdl/comparator.vhd" into library microblaze_v8_40_a
Parsing VHDL file "C:/Xilinx/14.2/ISE_DS/EDK/hw/XilinxProcessorIPLib/pcores/microblaze_v8_40_a/hdl/vhdl/carry_and.vhd" into library microblaze_v8_40_a
Parsing VHDL file "C:/Xilinx/14.2/ISE_DS/EDK/hw/XilinxProcessorIPLib/pcores/microblaze_v8_40_a/hdl/vhdl/carry_or.vhd" into library microblaze_v8_40_a
Parsing VHDL file "C:/Xilinx/14.2/ISE_DS/EDK/hw/XilinxProcessorIPLib/pcores/microblaze_v8_40_a/hdl/vhdl/carry_equal.vhd" into library microblaze_v8_40_a
Parsing VHDL file "C:/Xilinx/14.2/ISE_DS/EDK/hw/XilinxProcessorIPLib/pcores/microblaze_v8_40_a/hdl/vhdl/carry_compare.vhd" into library microblaze_v8_40_a
Parsing VHDL file "C:/Xilinx/14.2/ISE_DS/EDK/hw/XilinxProcessorIPLib/pcores/microblaze_v8_40_a/hdl/vhdl/carry_compare_mask.vhd" into library microblaze_v8_40_a
Parsing VHDL file "C:/Xilinx/14.2/ISE_DS/EDK/hw/XilinxProcessorIPLib/pcores/microblaze_v8_40_a/hdl/vhdl/carry_compare_const.vhd" into library microblaze_v8_40_a
Parsing VHDL file "C:/Xilinx/14.2/ISE_DS/EDK/hw/XilinxProcessorIPLib/pcores/microblaze_v8_40_a/hdl/vhdl/find_first_bit.vhd" into library microblaze_v8_40_a
Parsing VHDL file "C:/Xilinx/14.2/ISE_DS/EDK/hw/XilinxProcessorIPLib/pcores/microblaze_v8_40_a/hdl/vhdl/mux4_8.vhd" into library microblaze_v8_40_a
Parsing VHDL file "C:/Xilinx/14.2/ISE_DS/EDK/hw/XilinxProcessorIPLib/pcores/microblaze_v8_40_a/hdl/vhdl/mux4.vhd" into library microblaze_v8_40_a
Parsing VHDL file "C:/Xilinx/14.2/ISE_DS/EDK/hw/XilinxProcessorIPLib/pcores/microblaze_v8_40_a/hdl/vhdl/vec_mux.vhd" into library microblaze_v8_40_a
Parsing VHDL file "C:/Xilinx/14.2/ISE_DS/EDK/hw/XilinxProcessorIPLib/pcores/microblaze_v8_40_a/hdl/vhdl/gen_srlfifo.vhd" into library microblaze_v8_40_a
Parsing VHDL file "C:/Xilinx/14.2/ISE_DS/EDK/hw/XilinxProcessorIPLib/pcores/microblaze_v8_40_a/hdl/vhdl/alu_bit.vhd" into library microblaze_v8_40_a
Parsing VHDL file "C:/Xilinx/14.2/ISE_DS/EDK/hw/XilinxProcessorIPLib/pcores/microblaze_v8_40_a/hdl/vhdl/alu.vhd" into library microblaze_v8_40_a
Parsing VHDL file "C:/Xilinx/14.2/ISE_DS/EDK/hw/XilinxProcessorIPLib/pcores/microblaze_v8_40_a/hdl/vhdl/msr_reg_bit.vhd" into library microblaze_v8_40_a
Parsing VHDL file "C:/Xilinx/14.2/ISE_DS/EDK/hw/XilinxProcessorIPLib/pcores/microblaze_v8_40_a/hdl/vhdl/msr_reg.vhd" into library microblaze_v8_40_a
Parsing VHDL file "C:/Xilinx/14.2/ISE_DS/EDK/hw/XilinxProcessorIPLib/pcores/microblaze_v8_40_a/hdl/vhdl/msr_reg_gti.vhd" into library microblaze_v8_40_a
Parsing VHDL file "C:/Xilinx/14.2/ISE_DS/EDK/hw/XilinxProcessorIPLib/pcores/microblaze_v8_40_a/hdl/vhdl/dsp_module.vhd" into library microblaze_v8_40_a
Parsing VHDL file "C:/Xilinx/14.2/ISE_DS/EDK/hw/XilinxProcessorIPLib/pcores/microblaze_v8_40_a/hdl/vhdl/mul_unit.vhd" into library microblaze_v8_40_a
Parsing VHDL file "C:/Xilinx/14.2/ISE_DS/EDK/hw/XilinxProcessorIPLib/pcores/microblaze_v8_40_a/hdl/vhdl/div_unit.vhd" into library microblaze_v8_40_a
Parsing VHDL file "C:/Xilinx/14.2/ISE_DS/EDK/hw/XilinxProcessorIPLib/pcores/microblaze_v8_40_a/hdl/vhdl/div_unit_gti.vhd" into library microblaze_v8_40_a
Parsing VHDL file "C:/Xilinx/14.2/ISE_DS/EDK/hw/XilinxProcessorIPLib/pcores/microblaze_v8_40_a/hdl/vhdl/operand_select_bit.vhd" into library microblaze_v8_40_a
Parsing VHDL file "C:/Xilinx/14.2/ISE_DS/EDK/hw/XilinxProcessorIPLib/pcores/microblaze_v8_40_a/hdl/vhdl/operand_select.vhd" into library microblaze_v8_40_a
Parsing VHDL file "C:/Xilinx/14.2/ISE_DS/EDK/hw/XilinxProcessorIPLib/pcores/microblaze_v8_40_a/hdl/vhdl/operand_select_gti.vhd" into library microblaze_v8_40_a
Parsing VHDL file "C:/Xilinx/14.2/ISE_DS/EDK/hw/XilinxProcessorIPLib/pcores/microblaze_v8_40_a/hdl/vhdl/pc_bit.vhd" into library microblaze_v8_40_a
Parsing VHDL file "C:/Xilinx/14.2/ISE_DS/EDK/hw/XilinxProcessorIPLib/pcores/microblaze_v8_40_a/hdl/vhdl/pc_module.vhd" into library microblaze_v8_40_a
Parsing VHDL file "C:/Xilinx/14.2/ISE_DS/EDK/hw/XilinxProcessorIPLib/pcores/microblaze_v8_40_a/hdl/vhdl/pc_module_gti.vhd" into library microblaze_v8_40_a
Parsing VHDL file "C:/Xilinx/14.2/ISE_DS/EDK/hw/XilinxProcessorIPLib/pcores/microblaze_v8_40_a/hdl/vhdl/prefetch_buffer.vhd" into library microblaze_v8_40_a
Parsing VHDL file "C:/Xilinx/14.2/ISE_DS/EDK/hw/XilinxProcessorIPLib/pcores/microblaze_v8_40_a/hdl/vhdl/prefetch_buffer_gti.vhd" into library microblaze_v8_40_a
Parsing VHDL file "C:/Xilinx/14.2/ISE_DS/EDK/hw/XilinxProcessorIPLib/pcores/microblaze_v8_40_a/hdl/vhdl/register_file_bit.vhd" into library microblaze_v8_40_a
Parsing VHDL file "C:/Xilinx/14.2/ISE_DS/EDK/hw/XilinxProcessorIPLib/pcores/microblaze_v8_40_a/hdl/vhdl/register_file.vhd" into library microblaze_v8_40_a
Parsing VHDL file "C:/Xilinx/14.2/ISE_DS/EDK/hw/XilinxProcessorIPLib/pcores/microblaze_v8_40_a/hdl/vhdl/register_file_gti.vhd" into library microblaze_v8_40_a
Parsing VHDL file "C:/Xilinx/14.2/ISE_DS/EDK/hw/XilinxProcessorIPLib/pcores/microblaze_v8_40_a/hdl/vhdl/count_leading_zero.vhd" into library microblaze_v8_40_a
Parsing VHDL file "C:/Xilinx/14.2/ISE_DS/EDK/hw/XilinxProcessorIPLib/pcores/microblaze_v8_40_a/hdl/vhdl/shift_logic_bit.vhd" into library microblaze_v8_40_a
Parsing VHDL file "C:/Xilinx/14.2/ISE_DS/EDK/hw/XilinxProcessorIPLib/pcores/microblaze_v8_40_a/hdl/vhdl/shift_logic.vhd" into library microblaze_v8_40_a
Parsing VHDL file "C:/Xilinx/14.2/ISE_DS/EDK/hw/XilinxProcessorIPLib/pcores/microblaze_v8_40_a/hdl/vhdl/shift_logic_gti.vhd" into library microblaze_v8_40_a
Parsing VHDL file "C:/Xilinx/14.2/ISE_DS/EDK/hw/XilinxProcessorIPLib/pcores/microblaze_v8_40_a/hdl/vhdl/zero_detect.vhd" into library microblaze_v8_40_a
Parsing VHDL file "C:/Xilinx/14.2/ISE_DS/EDK/hw/XilinxProcessorIPLib/pcores/microblaze_v8_40_a/hdl/vhdl/zero_detect_gti.vhd" into library microblaze_v8_40_a
Parsing VHDL file "C:/Xilinx/14.2/ISE_DS/EDK/hw/XilinxProcessorIPLib/pcores/microblaze_v8_40_a/hdl/vhdl/barrel_shifter.vhd" into library microblaze_v8_40_a
Parsing VHDL file "C:/Xilinx/14.2/ISE_DS/EDK/hw/XilinxProcessorIPLib/pcores/microblaze_v8_40_a/hdl/vhdl/barrel_shifter_gti.vhd" into library microblaze_v8_40_a
Parsing VHDL file "C:/Xilinx/14.2/ISE_DS/EDK/hw/XilinxProcessorIPLib/pcores/microblaze_v8_40_a/hdl/vhdl/wb_mux_bit_gti.vhd" into library microblaze_v8_40_a
Parsing VHDL file "C:/Xilinx/14.2/ISE_DS/EDK/hw/XilinxProcessorIPLib/pcores/microblaze_v8_40_a/hdl/vhdl/wb_mux_gti.vhd" into library microblaze_v8_40_a
Parsing VHDL file "C:/Xilinx/14.2/ISE_DS/EDK/hw/XilinxProcessorIPLib/pcores/microblaze_v8_40_a/hdl/vhdl/data_read_steering.vhd" into library microblaze_v8_40_a
Parsing VHDL file "C:/Xilinx/14.2/ISE_DS/EDK/hw/XilinxProcessorIPLib/pcores/microblaze_v8_40_a/hdl/vhdl/byte_doublet_handle.vhd" into library microblaze_v8_40_a
Parsing VHDL file "C:/Xilinx/14.2/ISE_DS/EDK/hw/XilinxProcessorIPLib/pcores/microblaze_v8_40_a/hdl/vhdl/byte_doublet_handle_gti.vhd" into library microblaze_v8_40_a
Parsing VHDL file "C:/Xilinx/14.2/ISE_DS/EDK/hw/XilinxProcessorIPLib/pcores/microblaze_v8_40_a/hdl/vhdl/data_flow_logic_gti.vhd" into library microblaze_v8_40_a
Parsing VHDL file "C:/Xilinx/14.2/ISE_DS/EDK/hw/XilinxProcessorIPLib/pcores/microblaze_v8_40_a/hdl/vhdl/fsl_module.vhd" into library microblaze_v8_40_a
Parsing VHDL file "C:/Xilinx/14.2/ISE_DS/EDK/hw/XilinxProcessorIPLib/pcores/microblaze_v8_40_a/hdl/vhdl/streaming_axi.vhd" into library microblaze_v8_40_a
Parsing VHDL file "C:/Xilinx/14.2/ISE_DS/EDK/hw/XilinxProcessorIPLib/pcores/microblaze_v8_40_a/hdl/vhdl/exception_registers.vhd" into library microblaze_v8_40_a
Parsing VHDL file "C:/Xilinx/14.2/ISE_DS/EDK/hw/XilinxProcessorIPLib/pcores/microblaze_v8_40_a/hdl/vhdl/exception_registers_gti.vhd" into library microblaze_v8_40_a
Parsing VHDL file "C:/Xilinx/14.2/ISE_DS/EDK/hw/XilinxProcessorIPLib/pcores/microblaze_v8_40_a/hdl/vhdl/fpu_addsub.vhd" into library microblaze_v8_40_a
Parsing VHDL file "C:/Xilinx/14.2/ISE_DS/EDK/hw/XilinxProcessorIPLib/pcores/microblaze_v8_40_a/hdl/vhdl/fpu_div.vhd" into library microblaze_v8_40_a
Parsing VHDL file "C:/Xilinx/14.2/ISE_DS/EDK/hw/XilinxProcessorIPLib/pcores/microblaze_v8_40_a/hdl/vhdl/fpu_mul.vhd" into library microblaze_v8_40_a
Parsing VHDL file "C:/Xilinx/14.2/ISE_DS/EDK/hw/XilinxProcessorIPLib/pcores/microblaze_v8_40_a/hdl/vhdl/fpu_conv.vhd" into library microblaze_v8_40_a
Parsing VHDL file "C:/Xilinx/14.2/ISE_DS/EDK/hw/XilinxProcessorIPLib/pcores/microblaze_v8_40_a/hdl/vhdl/fpu_sqrt.vhd" into library microblaze_v8_40_a
Parsing VHDL file "C:/Xilinx/14.2/ISE_DS/EDK/hw/XilinxProcessorIPLib/pcores/microblaze_v8_40_a/hdl/vhdl/fpu.vhd" into library microblaze_v8_40_a
Parsing VHDL file "C:/Xilinx/14.2/ISE_DS/EDK/hw/XilinxProcessorIPLib/pcores/microblaze_v8_40_a/hdl/vhdl/pvr.vhd" into library microblaze_v8_40_a
Parsing VHDL file "C:/Xilinx/14.2/ISE_DS/EDK/hw/XilinxProcessorIPLib/pcores/microblaze_v8_40_a/hdl/vhdl/result_mux_bit.vhd" into library microblaze_v8_40_a
Parsing VHDL file "C:/Xilinx/14.2/ISE_DS/EDK/hw/XilinxProcessorIPLib/pcores/microblaze_v8_40_a/hdl/vhdl/result_mux.vhd" into library microblaze_v8_40_a
Parsing VHDL file "C:/Xilinx/14.2/ISE_DS/EDK/hw/XilinxProcessorIPLib/pcores/microblaze_v8_40_a/hdl/vhdl/stack_protection.vhd" into library microblaze_v8_40_a
Parsing VHDL file "C:/Xilinx/14.2/ISE_DS/EDK/hw/XilinxProcessorIPLib/pcores/microblaze_v8_40_a/hdl/vhdl/data_flow.vhd" into library microblaze_v8_40_a
Parsing VHDL file "C:/Xilinx/14.2/ISE_DS/EDK/hw/XilinxProcessorIPLib/pcores/microblaze_v8_40_a/hdl/vhdl/data_flow_gti.vhd" into library microblaze_v8_40_a
Parsing VHDL file "C:/Xilinx/14.2/ISE_DS/EDK/hw/XilinxProcessorIPLib/pcores/microblaze_v8_40_a/hdl/vhdl/jump_logic_gti.vhd" into library microblaze_v8_40_a
Parsing VHDL file "C:/Xilinx/14.2/ISE_DS/EDK/hw/XilinxProcessorIPLib/pcores/microblaze_v8_40_a/hdl/vhdl/decode.vhd" into library microblaze_v8_40_a
Parsing VHDL file "C:/Xilinx/14.2/ISE_DS/EDK/hw/XilinxProcessorIPLib/pcores/microblaze_v8_40_a/hdl/vhdl/decode_gti.vhd" into library microblaze_v8_40_a
Parsing VHDL file "C:/Xilinx/14.2/ISE_DS/EDK/hw/XilinxProcessorIPLib/pcores/microblaze_v8_40_a/hdl/vhdl/address_hit.vhd" into library microblaze_v8_40_a
Parsing VHDL file "C:/Xilinx/14.2/ISE_DS/EDK/hw/XilinxProcessorIPLib/pcores/microblaze_v8_40_a/hdl/vhdl/address_data_hit.vhd" into library microblaze_v8_40_a
Parsing VHDL file "C:/Xilinx/14.2/ISE_DS/EDK/hw/XilinxProcessorIPLib/pcores/microblaze_v8_40_a/hdl/vhdl/debug.vhd" into library microblaze_v8_40_a
Parsing VHDL file "C:/Xilinx/14.2/ISE_DS/EDK/hw/XilinxProcessorIPLib/pcores/microblaze_v8_40_a/hdl/vhdl/iplb_interface.vhd" into library microblaze_v8_40_a
Parsing VHDL file "C:/Xilinx/14.2/ISE_DS/EDK/hw/XilinxProcessorIPLib/pcores/microblaze_v8_40_a/hdl/vhdl/dplb_interface.vhd" into library microblaze_v8_40_a
Parsing VHDL file "C:/Xilinx/14.2/ISE_DS/EDK/hw/XilinxProcessorIPLib/pcores/microblaze_v8_40_a/hdl/vhdl/daxi_interface.vhd" into library microblaze_v8_40_a
Parsing VHDL file "C:/Xilinx/14.2/ISE_DS/EDK/hw/XilinxProcessorIPLib/pcores/microblaze_v8_40_a/hdl/vhdl/iaxi_interface.vhd" into library microblaze_v8_40_a
Parsing VHDL file "C:/Xilinx/14.2/ISE_DS/EDK/hw/XilinxProcessorIPLib/pcores/microblaze_v8_40_a/hdl/vhdl/ram_module.vhd" into library microblaze_v8_40_a
Parsing VHDL file "C:/Xilinx/14.2/ISE_DS/EDK/hw/XilinxProcessorIPLib/pcores/microblaze_v8_40_a/hdl/vhdl/victim_cache.vhd" into library microblaze_v8_40_a
Parsing VHDL file "C:/Xilinx/14.2/ISE_DS/EDK/hw/XilinxProcessorIPLib/pcores/microblaze_v8_40_a/hdl/vhdl/stream_cache.vhd" into library microblaze_v8_40_a
Parsing VHDL file "C:/Xilinx/14.2/ISE_DS/EDK/hw/XilinxProcessorIPLib/pcores/microblaze_v8_40_a/hdl/vhdl/cache_interface.vhd" into library microblaze_v8_40_a
Parsing VHDL file "C:/Xilinx/14.2/ISE_DS/EDK/hw/XilinxProcessorIPLib/pcores/microblaze_v8_40_a/hdl/vhdl/icache.vhd" into library microblaze_v8_40_a
Parsing VHDL file "C:/Xilinx/14.2/ISE_DS/EDK/hw/XilinxProcessorIPLib/pcores/microblaze_v8_40_a/hdl/vhdl/dcache.vhd" into library microblaze_v8_40_a
Parsing VHDL file "C:/Xilinx/14.2/ISE_DS/EDK/hw/XilinxProcessorIPLib/pcores/microblaze_v8_40_a/hdl/vhdl/dcache_gti.vhd" into library microblaze_v8_40_a
Parsing VHDL file "C:/Xilinx/14.2/ISE_DS/EDK/hw/XilinxProcessorIPLib/pcores/microblaze_v8_40_a/hdl/vhdl/cache_valid_bit_detect.vhd" into library microblaze_v8_40_a
Parsing VHDL file "C:/Xilinx/14.2/ISE_DS/EDK/hw/XilinxProcessorIPLib/pcores/microblaze_v8_40_a/hdl/vhdl/cachehit_detect.vhd" into library microblaze_v8_40_a
Parsing VHDL file "C:/Xilinx/14.2/ISE_DS/EDK/hw/XilinxProcessorIPLib/pcores/microblaze_v8_40_a/hdl/vhdl/dcache_wb.vhd" into library microblaze_v8_40_a
Parsing VHDL file "C:/Xilinx/14.2/ISE_DS/EDK/hw/XilinxProcessorIPLib/pcores/microblaze_v8_40_a/hdl/vhdl/instr_mux.vhd" into library microblaze_v8_40_a
Parsing VHDL file "C:/Xilinx/14.2/ISE_DS/EDK/hw/XilinxProcessorIPLib/pcores/microblaze_v8_40_a/hdl/vhdl/read_data_mux_gti.vhd" into library microblaze_v8_40_a
Parsing VHDL file "C:/Xilinx/14.2/ISE_DS/EDK/hw/XilinxProcessorIPLib/pcores/microblaze_v8_40_a/hdl/vhdl/interrupt_mode_converter.vhd" into library microblaze_v8_40_a
Parsing VHDL file "C:/Xilinx/14.2/ISE_DS/EDK/hw/XilinxProcessorIPLib/pcores/microblaze_v8_40_a/hdl/vhdl/mmu_types_pkg.vhd" into library microblaze_v8_40_a
Parsing VHDL file "C:/Xilinx/14.2/ISE_DS/EDK/hw/XilinxProcessorIPLib/pcores/microblaze_v8_40_a/hdl/vhdl/mmu_tlb.vhd" into library microblaze_v8_40_a
Parsing VHDL file "C:/Xilinx/14.2/ISE_DS/EDK/hw/XilinxProcessorIPLib/pcores/microblaze_v8_40_a/hdl/vhdl/mmu_utlb_ram.vhd" into library microblaze_v8_40_a
Parsing VHDL file "C:/Xilinx/14.2/ISE_DS/EDK/hw/XilinxProcessorIPLib/pcores/microblaze_v8_40_a/hdl/vhdl/mmu_utlb.vhd" into library microblaze_v8_40_a
Parsing VHDL file "C:/Xilinx/14.2/ISE_DS/EDK/hw/XilinxProcessorIPLib/pcores/microblaze_v8_40_a/hdl/vhdl/mmu.vhd" into library microblaze_v8_40_a
Parsing VHDL file "C:/Xilinx/14.2/ISE_DS/EDK/hw/XilinxProcessorIPLib/pcores/microblaze_v8_40_a/hdl/vhdl/microblaze_core.vhd" into library microblaze_v8_40_a
Parsing VHDL file "C:/Xilinx/14.2/ISE_DS/EDK/hw/XilinxProcessorIPLib/pcores/microblaze_v8_40_a/hdl/vhdl/microblaze.vhd" into library microblaze_v8_40_a
Parsing VHDL file "C:/Xilinx/14.2/ISE_DS/EDK/hw/XilinxProcessorIPLib/pcores/proc_common_v3_00_a/hdl/vhdl/pselect.vhd" into library proc_common_v3_00_a
Parsing VHDL file "C:/Xilinx/14.2/ISE_DS/EDK/hw/XilinxProcessorIPLib/pcores/proc_common_v3_00_a/hdl/vhdl/family_support.vhd" into library proc_common_v3_00_a
Parsing VHDL file "C:/Xilinx/14.2/ISE_DS/EDK/hw/XilinxProcessorIPLib/pcores/proc_common_v3_00_a/hdl/vhdl/proc_common_pkg.vhd" into library proc_common_v3_00_a
Parsing VHDL file "C:/Xilinx/14.2/ISE_DS/EDK/hw/XilinxProcessorIPLib/pcores/proc_common_v3_00_a/hdl/vhdl/ipif_pkg.vhd" into library proc_common_v3_00_a
Parsing VHDL file "C:/Xilinx/14.2/ISE_DS/EDK/hw/XilinxProcessorIPLib/pcores/proc_common_v3_00_a/hdl/vhdl/family.vhd" into library proc_common_v3_00_a
Parsing VHDL file "C:/Xilinx/14.2/ISE_DS/EDK/hw/XilinxProcessorIPLib/pcores/proc_common_v3_00_a/hdl/vhdl/coregen_comp_defs.vhd" into library proc_common_v3_00_a
Parsing VHDL file "C:/Xilinx/14.2/ISE_DS/EDK/hw/XilinxProcessorIPLib/pcores/proc_common_v3_00_a/hdl/vhdl/common_types_pkg.vhd" into library proc_common_v3_00_a
Parsing VHDL file "C:/Xilinx/14.2/ISE_DS/EDK/hw/XilinxProcessorIPLib/pcores/proc_common_v3_00_a/hdl/vhdl/conv_funs_pkg.vhd" into library proc_common_v3_00_a
Parsing VHDL file "C:/Xilinx/14.2/ISE_DS/EDK/hw/XilinxProcessorIPLib/pcores/proc_common_v3_00_a/hdl/vhdl/async_fifo_fg.vhd" into library proc_common_v3_00_a
Parsing VHDL file "C:/Xilinx/14.2/ISE_DS/EDK/hw/XilinxProcessorIPLib/pcores/proc_common_v3_00_a/hdl/vhdl/sync_fifo_fg.vhd" into library proc_common_v3_00_a
Parsing VHDL file "C:/Xilinx/14.2/ISE_DS/EDK/hw/XilinxProcessorIPLib/pcores/proc_common_v3_00_a/hdl/vhdl/basic_sfifo_fg.vhd" into library proc_common_v3_00_a
Parsing VHDL file "C:/Xilinx/14.2/ISE_DS/EDK/hw/XilinxProcessorIPLib/pcores/proc_common_v3_00_a/hdl/vhdl/blk_mem_gen_wrapper.vhd" into library proc_common_v3_00_a
Parsing VHDL file "C:/Xilinx/14.2/ISE_DS/EDK/hw/XilinxProcessorIPLib/pcores/proc_common_v3_00_a/hdl/vhdl/addsub.vhd" into library proc_common_v3_00_a
Parsing VHDL file "C:/Xilinx/14.2/ISE_DS/EDK/hw/XilinxProcessorIPLib/pcores/proc_common_v3_00_a/hdl/vhdl/counter_bit.vhd" into library proc_common_v3_00_a
Parsing VHDL file "C:/Xilinx/14.2/ISE_DS/EDK/hw/XilinxProcessorIPLib/pcores/proc_common_v3_00_a/hdl/vhdl/counter.vhd" into library proc_common_v3_00_a
Parsing VHDL file "C:/Xilinx/14.2/ISE_DS/EDK/hw/XilinxProcessorIPLib/pcores/proc_common_v3_00_a/hdl/vhdl/direct_path_cntr.vhd" into library proc_common_v3_00_a
Parsing VHDL file "C:/Xilinx/14.2/ISE_DS/EDK/hw/XilinxProcessorIPLib/pcores/proc_common_v3_00_a/hdl/vhdl/direct_path_cntr_ai.vhd" into library proc_common_v3_00_a
Parsing VHDL file "C:/Xilinx/14.2/ISE_DS/EDK/hw/XilinxProcessorIPLib/pcores/proc_common_v3_00_a/hdl/vhdl/down_counter.vhd" into library proc_common_v3_00_a
Parsing VHDL file "C:/Xilinx/14.2/ISE_DS/EDK/hw/XilinxProcessorIPLib/pcores/proc_common_v3_00_a/hdl/vhdl/eval_timer.vhd" into library proc_common_v3_00_a
Parsing VHDL file "C:/Xilinx/14.2/ISE_DS/EDK/hw/XilinxProcessorIPLib/pcores/proc_common_v3_00_a/hdl/vhdl/inferred_lut4.vhd" into library proc_common_v3_00_a
Parsing VHDL file "C:/Xilinx/14.2/ISE_DS/EDK/hw/XilinxProcessorIPLib/pcores/proc_common_v3_00_a/hdl/vhdl/ipif_steer.vhd" into library proc_common_v3_00_a
Parsing VHDL file "C:/Xilinx/14.2/ISE_DS/EDK/hw/XilinxProcessorIPLib/pcores/proc_common_v3_00_a/hdl/vhdl/ipif_steer128.vhd" into library proc_common_v3_00_a
Parsing VHDL file "C:/Xilinx/14.2/ISE_DS/EDK/hw/XilinxProcessorIPLib/pcores/proc_common_v3_00_a/hdl/vhdl/ipif_mirror128.vhd" into library proc_common_v3_00_a
Parsing VHDL file "C:/Xilinx/14.2/ISE_DS/EDK/hw/XilinxProcessorIPLib/pcores/proc_common_v3_00_a/hdl/vhdl/ld_arith_reg.vhd" into library proc_common_v3_00_a
Parsing VHDL file "C:/Xilinx/14.2/ISE_DS/EDK/hw/XilinxProcessorIPLib/pcores/proc_common_v3_00_a/hdl/vhdl/ld_arith_reg2.vhd" into library proc_common_v3_00_a
Parsing VHDL file "C:/Xilinx/14.2/ISE_DS/EDK/hw/XilinxProcessorIPLib/pcores/proc_common_v3_00_a/hdl/vhdl/mux_onehot.vhd" into library proc_common_v3_00_a
Parsing VHDL file "C:/Xilinx/14.2/ISE_DS/EDK/hw/XilinxProcessorIPLib/pcores/proc_common_v3_00_a/hdl/vhdl/or_bits.vhd" into library proc_common_v3_00_a
Parsing VHDL file "C:/Xilinx/14.2/ISE_DS/EDK/hw/XilinxProcessorIPLib/pcores/proc_common_v3_00_a/hdl/vhdl/or_muxcy.vhd" into library proc_common_v3_00_a
Parsing VHDL file "C:/Xilinx/14.2/ISE_DS/EDK/hw/XilinxProcessorIPLib/pcores/proc_common_v3_00_a/hdl/vhdl/or_gate.vhd" into library proc_common_v3_00_a
Parsing VHDL file "C:/Xilinx/14.2/ISE_DS/EDK/hw/XilinxProcessorIPLib/pcores/proc_common_v3_00_a/hdl/vhdl/or_gate128.vhd" into library proc_common_v3_00_a
Parsing VHDL file "C:/Xilinx/14.2/ISE_DS/EDK/hw/XilinxProcessorIPLib/pcores/proc_common_v3_00_a/hdl/vhdl/pf_adder_bit.vhd" into library proc_common_v3_00_a
Parsing VHDL file "C:/Xilinx/14.2/ISE_DS/EDK/hw/XilinxProcessorIPLib/pcores/proc_common_v3_00_a/hdl/vhdl/pf_adder.vhd" into library proc_common_v3_00_a
Parsing VHDL file "C:/Xilinx/14.2/ISE_DS/EDK/hw/XilinxProcessorIPLib/pcores/proc_common_v3_00_a/hdl/vhdl/pf_counter_bit.vhd" into library proc_common_v3_00_a
Parsing VHDL file "C:/Xilinx/14.2/ISE_DS/EDK/hw/XilinxProcessorIPLib/pcores/proc_common_v3_00_a/hdl/vhdl/pf_counter.vhd" into library proc_common_v3_00_a
Parsing VHDL file "C:/Xilinx/14.2/ISE_DS/EDK/hw/XilinxProcessorIPLib/pcores/proc_common_v3_00_a/hdl/vhdl/pf_counter_top.vhd" into library proc_common_v3_00_a
Parsing VHDL file "C:/Xilinx/14.2/ISE_DS/EDK/hw/XilinxProcessorIPLib/pcores/proc_common_v3_00_a/hdl/vhdl/pf_occ_counter.vhd" into library proc_common_v3_00_a
Parsing VHDL file "C:/Xilinx/14.2/ISE_DS/EDK/hw/XilinxProcessorIPLib/pcores/proc_common_v3_00_a/hdl/vhdl/pf_occ_counter_top.vhd" into library proc_common_v3_00_a
Parsing VHDL file "C:/Xilinx/14.2/ISE_DS/EDK/hw/XilinxProcessorIPLib/pcores/proc_common_v3_00_a/hdl/vhdl/pf_dpram_select.vhd" into library proc_common_v3_00_a
Parsing VHDL file "C:/Xilinx/14.2/ISE_DS/EDK/hw/XilinxProcessorIPLib/pcores/proc_common_v3_00_a/hdl/vhdl/pselect_mask.vhd" into library proc_common_v3_00_a
Parsing VHDL file "C:/Xilinx/14.2/ISE_DS/EDK/hw/XilinxProcessorIPLib/pcores/proc_common_v3_00_a/hdl/vhdl/srl16_fifo.vhd" into library proc_common_v3_00_a
Parsing VHDL file "C:/Xilinx/14.2/ISE_DS/EDK/hw/XilinxProcessorIPLib/pcores/proc_common_v3_00_a/hdl/vhdl/srl_fifo.vhd" into library proc_common_v3_00_a
Parsing VHDL file "C:/Xilinx/14.2/ISE_DS/EDK/hw/XilinxProcessorIPLib/pcores/proc_common_v3_00_a/hdl/vhdl/srl_fifo2.vhd" into library proc_common_v3_00_a
Parsing VHDL file "C:/Xilinx/14.2/ISE_DS/EDK/hw/XilinxProcessorIPLib/pcores/proc_common_v3_00_a/hdl/vhdl/srl_fifo3.vhd" into library proc_common_v3_00_a
Parsing VHDL file "C:/Xilinx/14.2/ISE_DS/EDK/hw/XilinxProcessorIPLib/pcores/proc_common_v3_00_a/hdl/vhdl/srl_fifo_rbu.vhd" into library proc_common_v3_00_a
Parsing VHDL file "C:/Xilinx/14.2/ISE_DS/EDK/hw/XilinxProcessorIPLib/pcores/proc_common_v3_00_a/hdl/vhdl/valid_be.vhd" into library proc_common_v3_00_a
Parsing VHDL file "C:/Xilinx/14.2/ISE_DS/EDK/hw/XilinxProcessorIPLib/pcores/proc_common_v3_00_a/hdl/vhdl/or_with_enable_f.vhd" into library proc_common_v3_00_a
Parsing VHDL file "C:/Xilinx/14.2/ISE_DS/EDK/hw/XilinxProcessorIPLib/pcores/proc_common_v3_00_a/hdl/vhdl/muxf_struct_f.vhd" into library proc_common_v3_00_a
Parsing VHDL file "C:/Xilinx/14.2/ISE_DS/EDK/hw/XilinxProcessorIPLib/pcores/proc_common_v3_00_a/hdl/vhdl/cntr_incr_decr_addn_f.vhd" into library proc_common_v3_00_a
Parsing VHDL file "C:/Xilinx/14.2/ISE_DS/EDK/hw/XilinxProcessorIPLib/pcores/proc_common_v3_00_a/hdl/vhdl/dynshreg_f.vhd" into library proc_common_v3_00_a
Parsing VHDL file "C:/Xilinx/14.2/ISE_DS/EDK/hw/XilinxProcessorIPLib/pcores/proc_common_v3_00_a/hdl/vhdl/dynshreg_i_f.vhd" into library proc_common_v3_00_a
Parsing VHDL file "C:/Xilinx/14.2/ISE_DS/EDK/hw/XilinxProcessorIPLib/pcores/proc_common_v3_00_a/hdl/vhdl/mux_onehot_f.vhd" into library proc_common_v3_00_a
Parsing VHDL file "C:/Xilinx/14.2/ISE_DS/EDK/hw/XilinxProcessorIPLib/pcores/proc_common_v3_00_a/hdl/vhdl/srl_fifo_rbu_f.vhd" into library proc_common_v3_00_a
Parsing VHDL file "C:/Xilinx/14.2/ISE_DS/EDK/hw/XilinxProcessorIPLib/pcores/proc_common_v3_00_a/hdl/vhdl/srl_fifo_f.vhd" into library proc_common_v3_00_a
Parsing VHDL file "C:/Xilinx/14.2/ISE_DS/EDK/hw/XilinxProcessorIPLib/pcores/proc_common_v3_00_a/hdl/vhdl/compare_vectors_f.vhd" into library proc_common_v3_00_a
Parsing VHDL file "C:/Xilinx/14.2/ISE_DS/EDK/hw/XilinxProcessorIPLib/pcores/proc_common_v3_00_a/hdl/vhdl/pselect_f.vhd" into library proc_common_v3_00_a
Parsing VHDL file "C:/Xilinx/14.2/ISE_DS/EDK/hw/XilinxProcessorIPLib/pcores/proc_common_v3_00_a/hdl/vhdl/counter_f.vhd" into library proc_common_v3_00_a
Parsing VHDL file "C:/Xilinx/14.2/ISE_DS/EDK/hw/XilinxProcessorIPLib/pcores/proc_common_v3_00_a/hdl/vhdl/or_muxcy_f.vhd" into library proc_common_v3_00_a
Parsing VHDL file "C:/Xilinx/14.2/ISE_DS/EDK/hw/XilinxProcessorIPLib/pcores/proc_common_v3_00_a/hdl/vhdl/or_gate_f.vhd" into library proc_common_v3_00_a
Parsing VHDL file "C:/Xilinx/14.2/ISE_DS/EDK/hw/XilinxProcessorIPLib/pcores/proc_common_v3_00_a/hdl/vhdl/soft_reset.vhd" into library proc_common_v3_00_a
Parsing VHDL file "C:/Xilinx/14.2/ISE_DS/EDK/hw/XilinxProcessorIPLib/pcores/axi_lite_ipif_v1_01_a/hdl/vhdl/address_decoder.vhd" into library axi_lite_ipif_v1_01_a
Parsing VHDL file "C:/Xilinx/14.2/ISE_DS/EDK/hw/XilinxProcessorIPLib/pcores/axi_lite_ipif_v1_01_a/hdl/vhdl/slave_attachment.vhd" into library axi_lite_ipif_v1_01_a
Parsing VHDL file "C:/Xilinx/14.2/ISE_DS/EDK/hw/XilinxProcessorIPLib/pcores/axi_lite_ipif_v1_01_a/hdl/vhdl/axi_lite_ipif.vhd" into library axi_lite_ipif_v1_01_a
Parsing VHDL file "C:/Xilinx/14.2/ISE_DS/EDK/hw/XilinxProcessorIPLib/pcores/mdm_v2_10_a/hdl/vhdl/srl_fifo.vhd" into library mdm_v2_10_a
Parsing VHDL file "C:/Xilinx/14.2/ISE_DS/EDK/hw/XilinxProcessorIPLib/pcores/mdm_v2_10_a/hdl/vhdl/jtag_control.vhd" into library mdm_v2_10_a
Parsing VHDL file "C:/Xilinx/14.2/ISE_DS/EDK/hw/XilinxProcessorIPLib/pcores/mdm_v2_10_a/hdl/vhdl/mdm_core.vhd" into library mdm_v2_10_a
Parsing VHDL file "C:/Xilinx/14.2/ISE_DS/EDK/hw/XilinxProcessorIPLib/pcores/mdm_v2_10_a/hdl/vhdl/mdm.vhd" into library mdm_v2_10_a
Parsing VHDL file "C:/Xilinx/14.2/ISE_DS/EDK/hw/XilinxProcessorIPLib/pcores/clock_generator_v4_03_a/hdl/vhdl/dcm_module.vhd" into library clock_generator_v4_03_a
Parsing VHDL file "C:/Xilinx/14.2/ISE_DS/EDK/hw/XilinxProcessorIPLib/pcores/clock_generator_v4_03_a/hdl/vhdl/pll_module.vhd" into library clock_generator_v4_03_a
Parsing VHDL file "C:/Xilinx/14.2/ISE_DS/EDK/hw/XilinxProcessorIPLib/pcores/clock_generator_v4_03_a/hdl/vhdl/mmcm_module.vhd" into library clock_generator_v4_03_a
Parsing VHDL file "C:/Xilinx/14.2/ISE_DS/EDK/hw/XilinxProcessorIPLib/pcores/clock_generator_v4_03_a/hdl/vhdl/plle2_module.vhd" into library clock_generator_v4_03_a
Parsing VHDL file "elaborate/clock_generator_0_v4_03_a/hdl/vhdl/clock_generator.vhd" into library clock_generator_0_v4_03_a
Parsing VHDL file "C:/Xilinx/14.2/ISE_DS/EDK/hw/XilinxProcessorIPLib/pcores/axi_timer_v1_03_a/hdl/vhdl/tc_types.vhd" into library axi_timer_v1_03_a
Parsing VHDL file "C:/Xilinx/14.2/ISE_DS/EDK/hw/XilinxProcessorIPLib/pcores/axi_timer_v1_03_a/hdl/vhdl/count_module.vhd" into library axi_timer_v1_03_a
Parsing VHDL file "C:/Xilinx/14.2/ISE_DS/EDK/hw/XilinxProcessorIPLib/pcores/axi_timer_v1_03_a/hdl/vhdl/timer_control.vhd" into library axi_timer_v1_03_a
Parsing VHDL file "C:/Xilinx/14.2/ISE_DS/EDK/hw/XilinxProcessorIPLib/pcores/axi_timer_v1_03_a/hdl/vhdl/tc_core.vhd" into library axi_timer_v1_03_a
Parsing VHDL file "C:/Xilinx/14.2/ISE_DS/EDK/hw/XilinxProcessorIPLib/pcores/axi_timer_v1_03_a/hdl/vhdl/axi_timer.vhd" into library axi_timer_v1_03_a
Analyzing Verilog file "C:/Xilinx/14.2/ISE_DS/EDK/hw/XilinxProcessorIPLib/pcores/axi_interconnect_v1_06_a/hdl/verilog/ict106_axic_sample_cycle_ratio.v" into library axi_interconnect_v1_06_a
Analyzing Verilog file "C:/Xilinx/14.2/ISE_DS/EDK/hw/XilinxProcessorIPLib/pcores/axi_interconnect_v1_06_a/hdl/verilog/ict106_axic_sync_clock_converter.v" into library axi_interconnect_v1_06_a
Analyzing Verilog file "C:/Xilinx/14.2/ISE_DS/EDK/hw/XilinxProcessorIPLib/pcores/axi_interconnect_v1_06_a/hdl/verilog/ict106_a_axi3_conv.v" into library axi_interconnect_v1_06_a
Analyzing Verilog file "C:/Xilinx/14.2/ISE_DS/EDK/hw/XilinxProcessorIPLib/pcores/axi_interconnect_v1_06_a/hdl/verilog/ict106_addr_arbiter_sasd.v" into library axi_interconnect_v1_06_a
Analyzing Verilog file "C:/Xilinx/14.2/ISE_DS/EDK/hw/XilinxProcessorIPLib/pcores/axi_interconnect_v1_06_a/hdl/verilog/ict106_addr_arbiter.v" into library axi_interconnect_v1_06_a
Analyzing Verilog file "C:/Xilinx/14.2/ISE_DS/EDK/hw/XilinxProcessorIPLib/pcores/axi_interconnect_v1_06_a/hdl/verilog/ict106_addr_decoder.v" into library axi_interconnect_v1_06_a
Analyzing Verilog file "C:/Xilinx/14.2/ISE_DS/EDK/hw/XilinxProcessorIPLib/pcores/axi_interconnect_v1_06_a/hdl/verilog/ict106_a_downsizer.v" into library axi_interconnect_v1_06_a
Analyzing Verilog file "C:/Xilinx/14.2/ISE_DS/EDK/hw/XilinxProcessorIPLib/pcores/axi_interconnect_v1_06_a/hdl/verilog/ict106_arbiter_resp.v" into library axi_interconnect_v1_06_a
Analyzing Verilog file "C:/Xilinx/14.2/ISE_DS/EDK/hw/XilinxProcessorIPLib/pcores/axi_interconnect_v1_06_a/hdl/verilog/ict106_a_upsizer.v" into library axi_interconnect_v1_06_a
Analyzing Verilog file "C:/Xilinx/14.2/ISE_DS/EDK/hw/XilinxProcessorIPLib/pcores/axi_interconnect_v1_06_a/hdl/verilog/ict106_axi3_conv.v" into library axi_interconnect_v1_06_a
Analyzing Verilog file "C:/Xilinx/14.2/ISE_DS/EDK/hw/XilinxProcessorIPLib/pcores/axi_interconnect_v1_06_a/hdl/verilog/ict106_axic_fifo.v" into library axi_interconnect_v1_06_a
Analyzing Verilog file "C:/Xilinx/14.2/ISE_DS/EDK/hw/XilinxProcessorIPLib/pcores/axi_interconnect_v1_06_a/hdl/verilog/ict106_axi_clock_converter.v" into library axi_interconnect_v1_06_a
Analyzing Verilog file "C:/Xilinx/14.2/ISE_DS/EDK/hw/XilinxProcessorIPLib/pcores/axi_interconnect_v1_06_a/hdl/verilog/ict106_axic_register_slice.v" into library axi_interconnect_v1_06_a
Analyzing Verilog file "C:/Xilinx/14.2/ISE_DS/EDK/hw/XilinxProcessorIPLib/pcores/axi_interconnect_v1_06_a/hdl/verilog/ict106_axic_reg_srl_fifo.v" into library axi_interconnect_v1_06_a
Analyzing Verilog file "C:/Xilinx/14.2/ISE_DS/EDK/hw/XilinxProcessorIPLib/pcores/axi_interconnect_v1_06_a/hdl/verilog/ict106_axi_crossbar.v" into library axi_interconnect_v1_06_a
Analyzing Verilog file "C:/Xilinx/14.2/ISE_DS/EDK/hw/XilinxProcessorIPLib/pcores/axi_interconnect_v1_06_a/hdl/verilog/ict106_axic_srl_fifo.v" into library axi_interconnect_v1_06_a
Analyzing Verilog file "C:/Xilinx/14.2/ISE_DS/EDK/hw/XilinxProcessorIPLib/pcores/axi_interconnect_v1_06_a/hdl/verilog/ict106_axi_data_fifo.v" into library axi_interconnect_v1_06_a
Analyzing Verilog file "C:/Xilinx/14.2/ISE_DS/EDK/hw/XilinxProcessorIPLib/pcores/axi_interconnect_v1_06_a/hdl/verilog/ict106_axi_downsizer.v" into library axi_interconnect_v1_06_a
Analyzing Verilog file "C:/Xilinx/14.2/ISE_DS/EDK/hw/XilinxProcessorIPLib/pcores/axi_interconnect_v1_06_a/hdl/verilog/ict106_axilite_conv.v" into library axi_interconnect_v1_06_a
Analyzing Verilog file "C:/Xilinx/14.2/ISE_DS/EDK/hw/XilinxProcessorIPLib/pcores/axi_interconnect_v1_06_a/hdl/verilog/ict106_axi_protocol_converter.v" into library axi_interconnect_v1_06_a
Analyzing Verilog file "C:/Xilinx/14.2/ISE_DS/EDK/hw/XilinxProcessorIPLib/pcores/axi_interconnect_v1_06_a/hdl/verilog/ict106_axi_register_slice.v" into library axi_interconnect_v1_06_a
Analyzing Verilog file "C:/Xilinx/14.2/ISE_DS/EDK/hw/XilinxProcessorIPLib/pcores/axi_interconnect_v1_06_a/hdl/verilog/ict106_axi_upsizer.v" into library axi_interconnect_v1_06_a
Analyzing Verilog file "C:/Xilinx/14.2/ISE_DS/EDK/hw/XilinxProcessorIPLib/pcores/axi_interconnect_v1_06_a/hdl/verilog/ict106_b_downsizer.v" into library axi_interconnect_v1_06_a
Analyzing Verilog file "C:/Xilinx/14.2/ISE_DS/EDK/hw/XilinxProcessorIPLib/pcores/axi_interconnect_v1_06_a/hdl/verilog/ict106_carry_and.v" into library axi_interconnect_v1_06_a
Analyzing Verilog file "C:/Xilinx/14.2/ISE_DS/EDK/hw/XilinxProcessorIPLib/pcores/axi_interconnect_v1_06_a/hdl/verilog/ict106_carry_latch_and.v" into library axi_interconnect_v1_06_a
Analyzing Verilog file "C:/Xilinx/14.2/ISE_DS/EDK/hw/XilinxProcessorIPLib/pcores/axi_interconnect_v1_06_a/hdl/verilog/ict106_carry_latch_or.v" into library axi_interconnect_v1_06_a
Analyzing Verilog file "C:/Xilinx/14.2/ISE_DS/EDK/hw/XilinxProcessorIPLib/pcores/axi_interconnect_v1_06_a/hdl/verilog/ict106_carry_or.v" into library axi_interconnect_v1_06_a
Analyzing Verilog file "C:/Xilinx/14.2/ISE_DS/EDK/hw/XilinxProcessorIPLib/pcores/axi_interconnect_v1_06_a/hdl/verilog/ict106_carry.v" into library axi_interconnect_v1_06_a
Analyzing Verilog file "C:/Xilinx/14.2/ISE_DS/EDK/hw/XilinxProcessorIPLib/pcores/axi_interconnect_v1_06_a/hdl/verilog/ict106_command_fifo.v" into library axi_interconnect_v1_06_a
Analyzing Verilog file "C:/Xilinx/14.2/ISE_DS/EDK/hw/XilinxProcessorIPLib/pcores/axi_interconnect_v1_06_a/hdl/verilog/ict106_comparator_mask_static.v" into library axi_interconnect_v1_06_a
Analyzing Verilog file "C:/Xilinx/14.2/ISE_DS/EDK/hw/XilinxProcessorIPLib/pcores/axi_interconnect_v1_06_a/hdl/verilog/ict106_comparator_mask.v" into library axi_interconnect_v1_06_a
Analyzing Verilog file "C:/Xilinx/14.2/ISE_DS/EDK/hw/XilinxProcessorIPLib/pcores/axi_interconnect_v1_06_a/hdl/verilog/ict106_comparator_sel_mask_static.v" into library axi_interconnect_v1_06_a
Analyzing Verilog file "C:/Xilinx/14.2/ISE_DS/EDK/hw/XilinxProcessorIPLib/pcores/axi_interconnect_v1_06_a/hdl/verilog/ict106_comparator_sel_mask.v" into library axi_interconnect_v1_06_a
Analyzing Verilog file "C:/Xilinx/14.2/ISE_DS/EDK/hw/XilinxProcessorIPLib/pcores/axi_interconnect_v1_06_a/hdl/verilog/ict106_comparator_sel_static.v" into library axi_interconnect_v1_06_a
Analyzing Verilog file "C:/Xilinx/14.2/ISE_DS/EDK/hw/XilinxProcessorIPLib/pcores/axi_interconnect_v1_06_a/hdl/verilog/ict106_comparator_sel.v" into library axi_interconnect_v1_06_a
Analyzing Verilog file "C:/Xilinx/14.2/ISE_DS/EDK/hw/XilinxProcessorIPLib/pcores/axi_interconnect_v1_06_a/hdl/verilog/ict106_comparator_static.v" into library axi_interconnect_v1_06_a
Analyzing Verilog file "C:/Xilinx/14.2/ISE_DS/EDK/hw/XilinxProcessorIPLib/pcores/axi_interconnect_v1_06_a/hdl/verilog/ict106_comparator.v" into library axi_interconnect_v1_06_a
Analyzing Verilog file "C:/Xilinx/14.2/ISE_DS/EDK/hw/XilinxProcessorIPLib/pcores/axi_interconnect_v1_06_a/hdl/verilog/ict106_converter_bank.v" into library axi_interconnect_v1_06_a
Analyzing Verilog file "C:/Xilinx/14.2/ISE_DS/EDK/hw/XilinxProcessorIPLib/pcores/axi_interconnect_v1_06_a/hdl/verilog/ict106_crossbar_sasd.v" into library axi_interconnect_v1_06_a
Analyzing Verilog file "C:/Xilinx/14.2/ISE_DS/EDK/hw/XilinxProcessorIPLib/pcores/axi_interconnect_v1_06_a/hdl/verilog/ict106_crossbar.v" into library axi_interconnect_v1_06_a
Analyzing Verilog file "C:/Xilinx/14.2/ISE_DS/EDK/hw/XilinxProcessorIPLib/pcores/axi_interconnect_v1_06_a/hdl/verilog/ict106_data_fifo_bank.v" into library axi_interconnect_v1_06_a
Analyzing Verilog file "C:/Xilinx/14.2/ISE_DS/EDK/hw/XilinxProcessorIPLib/pcores/axi_interconnect_v1_06_a/hdl/verilog/ict106_decerr_slave.v" into library axi_interconnect_v1_06_a
Analyzing Verilog file "C:/Xilinx/14.2/ISE_DS/EDK/hw/XilinxProcessorIPLib/pcores/axi_interconnect_v1_06_a/hdl/verilog/ict106_fifo_gen.v" into library axi_interconnect_v1_06_a
Analyzing Verilog file "C:/Xilinx/14.2/ISE_DS/EDK/hw/XilinxProcessorIPLib/pcores/axi_interconnect_v1_06_a/hdl/verilog/ict106_mux_enc.v" into library axi_interconnect_v1_06_a
Analyzing Verilog file "C:/Xilinx/14.2/ISE_DS/EDK/hw/XilinxProcessorIPLib/pcores/axi_interconnect_v1_06_a/hdl/verilog/ict106_mux.v" into library axi_interconnect_v1_06_a
Analyzing Verilog file "C:/Xilinx/14.2/ISE_DS/EDK/hw/XilinxProcessorIPLib/pcores/axi_interconnect_v1_06_a/hdl/verilog/ict106_ndeep_srl.v" into library axi_interconnect_v1_06_a
Analyzing Verilog file "C:/Xilinx/14.2/ISE_DS/EDK/hw/XilinxProcessorIPLib/pcores/axi_interconnect_v1_06_a/hdl/verilog/ict106_nto1_mux.v" into library axi_interconnect_v1_06_a
Analyzing Verilog file "C:/Xilinx/14.2/ISE_DS/EDK/hw/XilinxProcessorIPLib/pcores/axi_interconnect_v1_06_a/hdl/verilog/ict106_protocol_conv_bank.v" into library axi_interconnect_v1_06_a
Analyzing Verilog file "C:/Xilinx/14.2/ISE_DS/EDK/hw/XilinxProcessorIPLib/pcores/axi_interconnect_v1_06_a/hdl/verilog/ict106_r_axi3_conv.v" into library axi_interconnect_v1_06_a
Analyzing Verilog file "C:/Xilinx/14.2/ISE_DS/EDK/hw/XilinxProcessorIPLib/pcores/axi_interconnect_v1_06_a/hdl/verilog/ict106_r_downsizer.v" into library axi_interconnect_v1_06_a
Analyzing Verilog file "C:/Xilinx/14.2/ISE_DS/EDK/hw/XilinxProcessorIPLib/pcores/axi_interconnect_v1_06_a/hdl/verilog/ict106_register_slice_bank.v" into library axi_interconnect_v1_06_a
Analyzing Verilog file "C:/Xilinx/14.2/ISE_DS/EDK/hw/XilinxProcessorIPLib/pcores/axi_interconnect_v1_06_a/hdl/verilog/ict106_r_upsizer.v" into library axi_interconnect_v1_06_a
Analyzing Verilog file "C:/Xilinx/14.2/ISE_DS/EDK/hw/XilinxProcessorIPLib/pcores/axi_interconnect_v1_06_a/hdl/verilog/ict106_si_transactor.v" into library axi_interconnect_v1_06_a
Analyzing Verilog file "C:/Xilinx/14.2/ISE_DS/EDK/hw/XilinxProcessorIPLib/pcores/axi_interconnect_v1_06_a/hdl/verilog/ict106_splitter.v" into library axi_interconnect_v1_06_a
Analyzing Verilog file "C:/Xilinx/14.2/ISE_DS/EDK/hw/XilinxProcessorIPLib/pcores/axi_interconnect_v1_06_a/hdl/verilog/ict106_w_axi3_conv.v" into library axi_interconnect_v1_06_a
Analyzing Verilog file "C:/Xilinx/14.2/ISE_DS/EDK/hw/XilinxProcessorIPLib/pcores/axi_interconnect_v1_06_a/hdl/verilog/ict106_wdata_mux.v" into library axi_interconnect_v1_06_a
Analyzing Verilog file "C:/Xilinx/14.2/ISE_DS/EDK/hw/XilinxProcessorIPLib/pcores/axi_interconnect_v1_06_a/hdl/verilog/ict106_wdata_router.v" into library axi_interconnect_v1_06_a
Analyzing Verilog file "C:/Xilinx/14.2/ISE_DS/EDK/hw/XilinxProcessorIPLib/pcores/axi_interconnect_v1_06_a/hdl/verilog/ict106_w_downsizer.v" into library axi_interconnect_v1_06_a
Analyzing Verilog file "C:/Xilinx/14.2/ISE_DS/EDK/hw/XilinxProcessorIPLib/pcores/axi_interconnect_v1_06_a/hdl/verilog/ict106_w_upsizer.v" into library axi_interconnect_v1_06_a
Analyzing Verilog file "C:/Xilinx/14.2/ISE_DS/EDK/hw/XilinxProcessorIPLib/pcores/axi_interconnect_v1_06_a/hdl/verilog/axi_interconnect.v" into library axi_interconnect_v1_06_a
Parsing VHDL file "C:/Xilinx/14.2/ISE_DS/EDK/hw/XilinxProcessorIPLib/pcores/axi_uartlite_v1_02_a/hdl/vhdl/baudrate.vhd" into library axi_uartlite_v1_02_a
Parsing VHDL file "C:/Xilinx/14.2/ISE_DS/EDK/hw/XilinxProcessorIPLib/pcores/axi_uartlite_v1_02_a/hdl/vhdl/uartlite_rx.vhd" into library axi_uartlite_v1_02_a
Parsing VHDL file "C:/Xilinx/14.2/ISE_DS/EDK/hw/XilinxProcessorIPLib/pcores/axi_uartlite_v1_02_a/hdl/vhdl/uartlite_tx.vhd" into library axi_uartlite_v1_02_a
Parsing VHDL file "C:/Xilinx/14.2/ISE_DS/EDK/hw/XilinxProcessorIPLib/pcores/axi_uartlite_v1_02_a/hdl/vhdl/uartlite_core.vhd" into library axi_uartlite_v1_02_a
Parsing VHDL file "C:/Xilinx/14.2/ISE_DS/EDK/hw/XilinxProcessorIPLib/pcores/axi_uartlite_v1_02_a/hdl/vhdl/axi_uartlite.vhd" into library axi_uartlite_v1_02_a
Parsing VHDL file "C:/Xilinx/14.2/ISE_DS/EDK/hw/XilinxProcessorIPLib/pcores/interrupt_control_v2_01_a/hdl/vhdl/interrupt_control.vhd" into library interrupt_control_v2_01_a
Parsing VHDL file "C:/Xilinx/14.2/ISE_DS/EDK/hw/XilinxProcessorIPLib/pcores/axi_gpio_v1_01_b/hdl/vhdl/gpio_core.vhd" into library axi_gpio_v1_01_b
Parsing VHDL file "C:/Xilinx/14.2/ISE_DS/EDK/hw/XilinxProcessorIPLib/pcores/axi_gpio_v1_01_b/hdl/vhdl/axi_gpio.vhd" into library axi_gpio_v1_01_b
Parsing VHDL file "C:/temp/env/base_system/Astroid_EDK/pcores/axi_lite_slave_v1_00_a/hdl/vhdl/axi_lite_slave.vhd" into library axi_lite_slave_v1_00_a
ERROR:HDLCompiler:104 - "C:/temp/env/base_system/Astroid_EDK/pcores/axi_lite_slave_v1_00_a/hdl/vhdl/axi_lite_slave.vhd" Line 15: Cannot find <types> in library <axi_lite_slave_v1_00_a>. Please ensure that the library was compiled, and that a library and a use clause are present in the VHDL file.
ERROR:HDLCompiler:854 - "C:/temp/env/base_system/Astroid_EDK/pcores/axi_lite_slave_v1_00_a/hdl/vhdl/axi_lite_slave.vhd" Line 17: Unit <axi_lite_slave> ignored due to previous errors.
ERROR:HDLCompiler:374 - "C:/temp/env/base_system/Astroid_EDK/pcores/axi_lite_slave_v1_00_a/hdl/vhdl/axi_lite_slave.vhd" Line 66: Entity <axi_lite_slave> is not yet compiled.
ERROR:HDLCompiler:69 - "C:/temp/env/base_system/Astroid_EDK/pcores/axi_lite_slave_v1_00_a/hdl/vhdl/axi_lite_slave.vhd" Line 68: <std_logic> is not declared.
ERROR:HDLCompiler:69 - "C:/temp/env/base_system/Astroid_EDK/pcores/axi_lite_slave_v1_00_a/hdl/vhdl/axi_lite_slave.vhd" Line 69: <vgapos_t> is not declared.
ERROR:HDLCompiler:69 - "C:/temp/env/base_system/Astroid_EDK/pcores/axi_lite_slave_v1_00_a/hdl/vhdl/axi_lite_slave.vhd" Line 70: <std_logic> is not declared.
ERROR:HDLCompiler:69 - "C:/temp/env/base_system/Astroid_EDK/pcores/axi_lite_slave_v1_00_a/hdl/vhdl/axi_lite_slave.vhd" Line 71: <std_logic> is not declared.
ERROR:HDLCompiler:69 - "C:/temp/env/base_system/Astroid_EDK/pcores/axi_lite_slave_v1_00_a/hdl/vhdl/axi_lite_slave.vhd" Line 73: <linereg_t> is not declared.
ERROR:HDLCompiler:69 - "C:/temp/env/base_system/Astroid_EDK/pcores/axi_lite_slave_v1_00_a/hdl/vhdl/axi_lite_slave.vhd" Line 74: <std_logic> is not declared.
ERROR:HDLCompiler:69 - "C:/temp/env/base_system/Astroid_EDK/pcores/axi_lite_slave_v1_00_a/hdl/vhdl/axi_lite_slave.vhd" Line 76: <std_logic> is not declared.
ERROR:HDLCompiler:69 - "C:/temp/env/base_system/Astroid_EDK/pcores/axi_lite_slave_v1_00_a/hdl/vhdl/axi_lite_slave.vhd" Line 78: <std_logic> is not declared.
ERROR:HDLCompiler:104 - "C:/temp/env/base_system/Astroid_EDK/pcores/axi_lite_slave_v1_00_a/hdl/vhdl/axi_lite_slave.vhd" Line 82: Cannot find <vga_controller> in library <axi_lite_slave_v1_00_a>. Please ensure that the library was compiled, and that a library and a use clause are present in the VHDL file.
ERROR:HDLCompiler:104 - "C:/temp/env/base_system/Astroid_EDK/pcores/axi_lite_slave_v1_00_a/hdl/vhdl/axi_lite_slave.vhd" Line 96: Cannot find <vector_controller> in library <axi_lite_slave_v1_00_a>. Please ensure that the library was compiled, and that a library and a use clause are present in the VHDL file.
ERROR:HDLCompiler:104 - "C:/temp/env/base_system/Astroid_EDK/pcores/axi_lite_slave_v1_00_a/hdl/vhdl/axi_lite_slave.vhd" Line 112: Cannot find <mem_controller> in library <axi_lite_slave_v1_00_a>. Please ensure that the library was compiled, and that a library and a use clause are present in the VHDL file.
ERROR:HDLCompiler:69 - "C:/temp/env/base_system/Astroid_EDK/pcores/axi_lite_slave_v1_00_a/hdl/vhdl/axi_lite_slave.vhd" Line 150: <vector_enable> is not declared.
ERROR:HDLCompiler:69 - "C:/temp/env/base_system/Astroid_EDK/pcores/axi_lite_slave_v1_00_a/hdl/vhdl/axi_lite_slave.vhd" Line 152: <vector_enable> is not declared.
ERROR:HDLCompiler:69 - "C:/temp/env/base_system/Astroid_EDK/pcores/axi_lite_slave_v1_00_a/hdl/vhdl/axi_lite_slave.vhd" Line 149: <vsync> is not declared.
ERROR:HDLCompiler:69 - "C:/temp/env/base_system/Astroid_EDK/pcores/axi_lite_slave_v1_00_a/hdl/vhdl/axi_lite_slave.vhd" Line 147: <vsync> is not declared.
ERROR:HDLCompiler:69 - "C:/temp/env/base_system/Astroid_EDK/pcores/axi_lite_slave_v1_00_a/hdl/vhdl/axi_lite_slave.vhd" Line 156: <output> is not declared.
Sorry, too many errors..
